[INFO] Scanning for projects...
[INFO]                                                                         
[INFO] ------------------------------------------------------------------------
[INFO] Building petclinic 4.2.6-SNAPSHOT
[INFO] ------------------------------------------------------------------------
[INFO] 
[INFO] --- maven-resources-plugin:2.6:resources (default-resources) @ spring-petclinic ---
[INFO] Using 'UTF-8' encoding to copy filtered resources.
[INFO] Copying 18 resources
[INFO] 
[INFO] --- asciidoctor-maven-plugin:1.5.5:process-asciidoc (jqassistant-rules) @ spring-petclinic ---
[INFO] Using 'UTF-8' encoding to copy filtered resources.
[INFO] ignoreDelta true
[INFO] Copying 0 resource
[INFO] Rendered C:\Development\repos\petclinicfork\spring-petclinic\jqassistant\index.adoc
[INFO] 
[INFO] --- maven-compiler-plugin:3.0:compile (default-compile) @ spring-petclinic ---
[INFO] Changes detected - recompiling the module!
[INFO] Compiling 46 source files to C:\Development\repos\petclinicfork\spring-petclinic\target\classes
[parsing started RegularFileObject[C:\Development\repos\petclinicfork\spring-petclinic\src\main\java\org\springframework\samples\petclinic\repository\jpa\JpaVetRepositoryImpl.java]]
[parsing completed 14ms]
[parsing started RegularFileObject[C:\Development\repos\petclinicfork\spring-petclinic\src\main\java\org\springframework\samples\petclinic\repository\jdbc\package-info.java]]
[parsing completed 0ms]
[parsing started RegularFileObject[C:\Development\repos\petclinicfork\spring-petclinic\src\main\java\org\springframework\samples\petclinic\service\ClinicServiceImpl.java]]
[parsing completed 3ms]
[parsing started RegularFileObject[C:\Development\repos\petclinicfork\spring-petclinic\src\main\java\org\springframework\samples\petclinic\model\BaseEntity.java]]
[parsing completed 0ms]
[parsing started RegularFileObject[C:\Development\repos\petclinicfork\spring-petclinic\src\main\java\org\springframework\samples\petclinic\repository\VetRepository.java]]
[parsing completed 0ms]
[parsing started RegularFileObject[C:\Development\repos\petclinicfork\spring-petclinic\src\main\java\org\springframework\samples\petclinic\util\EntityUtils.java]]
[parsing completed 1ms]
[parsing started RegularFileObject[C:\Development\repos\petclinicfork\spring-petclinic\src\main\java\org\springframework\samples\petclinic\repository\jdbc\JdbcOwnerRepositoryImpl.java]]
[parsing completed 3ms]
[parsing started RegularFileObject[C:\Development\repos\petclinicfork\spring-petclinic\src\main\java\org\springframework\samples\petclinic\web\VisitController.java]]
[parsing completed 1ms]
[parsing started RegularFileObject[C:\Development\repos\petclinicfork\spring-petclinic\src\main\java\org\springframework\samples\petclinic\repository\jdbc\JdbcPet.java]]
[parsing completed 0ms]
[parsing started RegularFileObject[C:\Development\repos\petclinicfork\spring-petclinic\src\main\java\org\springframework\samples\petclinic\web\PetValidator.java]]
[parsing completed 1ms]
[parsing started RegularFileObject[C:\Development\repos\petclinicfork\spring-petclinic\src\main\java\org\springframework\samples\petclinic\model\Vets.java]]
[parsing completed 0ms]
[parsing started RegularFileObject[C:\Development\repos\petclinicfork\spring-petclinic\src\main\java\org\springframework\samples\petclinic\PetclinicInitializer.java]]
[parsing completed 1ms]
[parsing started RegularFileObject[C:\Development\repos\petclinicfork\spring-petclinic\src\main\java\org\springframework\samples\petclinic\model\Owner.java]]
[parsing completed 1ms]
[parsing started RegularFileObject[C:\Development\repos\petclinicfork\spring-petclinic\src\main\java\org\springframework\samples\petclinic\model\Specialty.java]]
[parsing completed 1ms]
[parsing started RegularFileObject[C:\Development\repos\petclinicfork\spring-petclinic\src\main\java\org\springframework\samples\petclinic\repository\jdbc\JdbcPetRowMapper.java]]
[parsing completed 0ms]
[parsing started RegularFileObject[C:\Development\repos\petclinicfork\spring-petclinic\src\main\java\org\springframework\samples\petclinic\repository\VisitRepository.java]]
[parsing completed 1ms]
[parsing started RegularFileObject[C:\Development\repos\petclinicfork\spring-petclinic\src\main\java\org\springframework\samples\petclinic\repository\springdatajpa\SpringDataVetRepository.java]]
[parsing completed 0ms]
[parsing started RegularFileObject[C:\Development\repos\petclinicfork\spring-petclinic\src\main\java\org\springframework\samples\petclinic\repository\jdbc\JdbcPetVisitExtractor.java]]
[parsing completed 1ms]
[parsing started RegularFileObject[C:\Development\repos\petclinicfork\spring-petclinic\src\main\java\org\springframework\samples\petclinic\model\PetType.java]]
[parsing completed 0ms]
[parsing started RegularFileObject[C:\Development\repos\petclinicfork\spring-petclinic\src\main\java\org\springframework\samples\petclinic\util\CallMonitoringAspect.java]]
[parsing completed 0ms]
[parsing started RegularFileObject[C:\Development\repos\petclinicfork\spring-petclinic\src\main\java\org\springframework\samples\petclinic\web\OwnerController.java]]
[parsing completed 1ms]
[parsing started RegularFileObject[C:\Development\repos\petclinicfork\spring-petclinic\src\main\java\org\springframework\samples\petclinic\model\NamedEntity.java]]
[parsing completed 0ms]
[parsing started RegularFileObject[C:\Development\repos\petclinicfork\spring-petclinic\src\main\java\org\springframework\samples\petclinic\web\PetTypeFormatter.java]]
[parsing completed 0ms]
[parsing started RegularFileObject[C:\Development\repos\petclinicfork\spring-petclinic\src\main\java\org\springframework\samples\petclinic\web\package-info.java]]
[parsing completed 1ms]
[parsing started RegularFileObject[C:\Development\repos\petclinicfork\spring-petclinic\src\main\java\org\springframework\samples\petclinic\model\Person.java]]
[parsing completed 0ms]
[parsing started RegularFileObject[C:\Development\repos\petclinicfork\spring-petclinic\src\main\java\org\springframework\samples\petclinic\repository\jdbc\JdbcVetRepositoryImpl.java]]
[parsing completed 1ms]
[parsing started RegularFileObject[C:\Development\repos\petclinicfork\spring-petclinic\src\main\java\org\springframework\samples\petclinic\model\Vet.java]]
[parsing completed 0ms]
[parsing started RegularFileObject[C:\Development\repos\petclinicfork\spring-petclinic\src\main\java\org\springframework\samples\petclinic\repository\springdatajpa\SpringDataVisitRepository.java]]
[parsing completed 0ms]
[parsing started RegularFileObject[C:\Development\repos\petclinicfork\spring-petclinic\src\main\java\org\springframework\samples\petclinic\service\ClinicService.java]]
[parsing completed 0ms]
[parsing started RegularFileObject[C:\Development\repos\petclinicfork\spring-petclinic\src\main\java\org\springframework\samples\petclinic\model\Pet.java]]
[parsing completed 1ms]
[parsing started RegularFileObject[C:\Development\repos\petclinicfork\spring-petclinic\src\main\java\org\springframework\samples\petclinic\repository\jdbc\JdbcVisitRepositoryImpl.java]]
[parsing completed 1ms]
[parsing started RegularFileObject[C:\Development\repos\petclinicfork\spring-petclinic\src\main\java\org\springframework\samples\petclinic\repository\jpa\JpaPetRepositoryImpl.java]]
[parsing completed 1ms]
[parsing started RegularFileObject[C:\Development\repos\petclinicfork\spring-petclinic\src\main\java\org\springframework\samples\petclinic\repository\OwnerRepository.java]]
[parsing completed 0ms]
[parsing started RegularFileObject[C:\Development\repos\petclinicfork\spring-petclinic\src\main\java\org\springframework\samples\petclinic\repository\PetRepository.java]]
[parsing completed 0ms]
[parsing started RegularFileObject[C:\Development\repos\petclinicfork\spring-petclinic\src\main\java\org\springframework\samples\petclinic\repository\jdbc\JdbcVisitRowMapper.java]]
[parsing completed 0ms]
[parsing started RegularFileObject[C:\Development\repos\petclinicfork\spring-petclinic\src\main\java\org\springframework\samples\petclinic\repository\jpa\JpaOwnerRepositoryImpl.java]]
[parsing completed 0ms]
[parsing started RegularFileObject[C:\Development\repos\petclinicfork\spring-petclinic\src\main\java\org\springframework\samples\petclinic\web\PetController.java]]
[parsing completed 1ms]
[parsing started RegularFileObject[C:\Development\repos\petclinicfork\spring-petclinic\src\main\java\org\springframework\samples\petclinic\repository\jpa\JpaVisitRepositoryImpl.java]]
[parsing completed 0ms]
[parsing started RegularFileObject[C:\Development\repos\petclinicfork\spring-petclinic\src\main\java\org\springframework\samples\petclinic\repository\springdatajpa\SpringDataOwnerRepository.java]]
[parsing completed 0ms]
[parsing started RegularFileObject[C:\Development\repos\petclinicfork\spring-petclinic\src\main\java\org\springframework\samples\petclinic\web\VetController.java]]
[parsing completed 0ms]
[parsing started RegularFileObject[C:\Development\repos\petclinicfork\spring-petclinic\src\main\java\org\springframework\samples\petclinic\repository\jdbc\JdbcPetRepositoryImpl.java]]
[parsing completed 1ms]
[parsing started RegularFileObject[C:\Development\repos\petclinicfork\spring-petclinic\src\main\java\org\springframework\samples\petclinic\model\package-info.java]]
[parsing completed 0ms]
[parsing started RegularFileObject[C:\Development\repos\petclinicfork\spring-petclinic\src\main\java\org\springframework\samples\petclinic\model\Visit.java]]
[parsing completed 0ms]
[parsing started RegularFileObject[C:\Development\repos\petclinicfork\spring-petclinic\src\main\java\org\springframework\samples\petclinic\web\CrashController.java]]
[parsing completed 0ms]
[parsing started RegularFileObject[C:\Development\repos\petclinicfork\spring-petclinic\src\main\java\org\springframework\samples\petclinic\repository\jpa\package-info.java]]
[parsing completed 0ms]
[parsing started RegularFileObject[C:\Development\repos\petclinicfork\spring-petclinic\src\main\java\org\springframework\samples\petclinic\repository\springdatajpa\SpringDataPetRepository.java]]
[parsing completed 0ms]
[search path for source files: C:\Development\repos\petclinicfork\spring-petclinic\src\main\java]
[search path for class files: C:\Development\apps\Java\jdk1.8.0_25\jre\lib\resources.jar,C:\Development\apps\Java\jdk1.8.0_25\jre\lib\rt.jar,C:\Development\apps\Java\jdk1.8.0_25\jre\lib\sunrsasign.jar,C:\Development\apps\Java\jdk1.8.0_25\jre\lib\jsse.jar,C:\Development\apps\Java\jdk1.8.0_25\jre\lib\jce.jar,C:\Development\apps\Java\jdk1.8.0_25\jre\lib\charsets.jar,C:\Development\apps\Java\jdk1.8.0_25\jre\lib\jfr.jar,C:\Development\apps\Java\jdk1.8.0_25\jre\classes,C:\Development\apps\Java\jdk1.8.0_25\jre\lib\ext\access-bridge-64.jar,C:\Development\apps\Java\jdk1.8.0_25\jre\lib\ext\cldrdata.jar,C:\Development\apps\Java\jdk1.8.0_25\jre\lib\ext\dnsns.jar,C:\Development\apps\Java\jdk1.8.0_25\jre\lib\ext\jaccess.jar,C:\Development\apps\Java\jdk1.8.0_25\jre\lib\ext\jfxrt.jar,C:\Development\apps\Java\jdk1.8.0_25\jre\lib\ext\localedata.jar,C:\Development\apps\Java\jdk1.8.0_25\jre\lib\ext\nashorn.jar,C:\Development\apps\Java\jdk1.8.0_25\jre\lib\ext\sunec.jar,C:\Development\apps\Java\jdk1.8.0_25\jre\lib\ext\sunjce_provider.jar,C:\Development\apps\Java\jdk1.8.0_25\jre\lib\ext\sunmscapi.jar,C:\Development\apps\Java\jdk1.8.0_25\jre\lib\ext\sunpkcs11.jar,C:\Development\apps\Java\jdk1.8.0_25\jre\lib\ext\zipfs.jar,C:\Development\repos\petclinicfork\spring-petclinic\target\classes,C:\Users\u001312\.m2\repository\org\jadira\usertype\usertype.core\3.2.0.GA\usertype.core-3.2.0.GA.jar,C:\Users\u001312\.m2\repository\org\jadira\usertype\usertype.spi\3.2.0.GA\usertype.spi-3.2.0.GA.jar,C:\Users\u001312\.m2\repository\org\apache\tomcat\tomcat-servlet-api\7.0.59\tomcat-servlet-api-7.0.59.jar,C:\Users\u001312\.m2\repository\javax\servlet\jsp\javax.servlet.jsp-api\2.2.1\javax.servlet.jsp-api-2.2.1.jar,C:\Users\u001312\.m2\repository\org\apache\tomcat\tomcat-jasper-el\7.0.59\tomcat-jasper-el-7.0.59.jar,C:\Users\u001312\.m2\repository\org\apache\tomcat\tomcat-el-api\7.0.59\tomcat-el-api-7.0.59.jar,C:\Users\u001312\.m2\repository\javax\servlet\jsp\jstl\javax.servlet.jsp.jstl-api\1.2.1\javax.servlet.jsp.jstl-api-1.2.1.jar,C:\Users\u001312\.m2\repository\org\apache\taglibs\taglibs-standard-jstlel\1.2.5\taglibs-standard-jstlel-1.2.5.jar,C:\Users\u001312\.m2\repository\org\apache\taglibs\taglibs-standard-spec\1.2.5\taglibs-standard-spec-1.2.5.jar,C:\Users\u001312\.m2\repository\org\apache\taglibs\taglibs-standard-impl\1.2.5\taglibs-standard-impl-1.2.5.jar,C:\Users\u001312\.m2\repository\org\springframework\data\spring-data-jpa\1.9.4.RELEASE\spring-data-jpa-1.9.4.RELEASE.jar,C:\Users\u001312\.m2\repository\org\springframework\data\spring-data-commons\1.11.4.RELEASE\spring-data-commons-1.11.4.RELEASE.jar,C:\Users\u001312\.m2\repository\org\springframework\spring-orm\4.2.7.RELEASE\spring-orm-4.2.7.RELEASE.jar,C:\Users\u001312\.m2\repository\org\springframework\spring-context\4.2.7.RELEASE\spring-context-4.2.7.RELEASE.jar,C:\Users\u001312\.m2\repository\org\springframework\spring-aop\4.2.7.RELEASE\spring-aop-4.2.7.RELEASE.jar,C:\Users\u001312\.m2\repository\aopalliance\aopalliance\1.0\aopalliance-1.0.jar,C:\Users\u001312\.m2\repository\org\springframework\spring-tx\4.2.7.RELEASE\spring-tx-4.2.7.RELEASE.jar,C:\Users\u001312\.m2\repository\org\springframework\spring-beans\4.2.7.RELEASE\spring-beans-4.2.7.RELEASE.jar,C:\Users\u001312\.m2\repository\org\springframework\spring-core\4.2.7.RELEASE\spring-core-4.2.7.RELEASE.jar,C:\Users\u001312\.m2\repository\org\springframework\data\spring-data-jdbc-core\1.1.0.RELEASE\spring-data-jdbc-core-1.1.0.RELEASE.jar,C:\Users\u001312\.m2\repository\org\springframework\retry\spring-retry\1.1.3.RELEASE\spring-retry-1.1.3.RELEASE.jar,C:\Users\u001312\.m2\repository\org\springframework\spring-jdbc\4.2.7.RELEASE\spring-jdbc-4.2.7.RELEASE.jar,C:\Users\u001312\.m2\repository\org\springframework\spring-webmvc\4.2.7.RELEASE\spring-webmvc-4.2.7.RELEASE.jar,C:\Users\u001312\.m2\repository\org\springframework\spring-expression\4.2.7.RELEASE\spring-expression-4.2.7.RELEASE.jar,C:\Users\u001312\.m2\repository\org\springframework\spring-web\4.2.7.RELEASE\spring-web-4.2.7.RELEASE.jar,C:\Users\u001312\.m2\repository\org\springframework\spring-context-support\4.2.7.RELEASE\spring-context-support-4.2.7.RELEASE.jar,C:\Users\u001312\.m2\repository\org\springframework\spring-oxm\4.2.7.RELEASE\spring-oxm-4.2.7.RELEASE.jar,C:\Users\u001312\.m2\repository\org\aspectj\aspectjrt\1.8.9\aspectjrt-1.8.9.jar,C:\Users\u001312\.m2\repository\org\slf4j\slf4j-api\1.7.21\slf4j-api-1.7.21.jar,C:\Users\u001312\.m2\repository\joda-time\joda-time\2.8.2\joda-time-2.8.2.jar,C:\Users\u001312\.m2\repository\joda-time\joda-time-hibernate\1.3\joda-time-hibernate-1.3.jar,C:\Users\u001312\.m2\repository\joda-time\joda-time-jsptags\1.1.1\joda-time-jsptags-1.1.1.jar,C:\Users\u001312\.m2\repository\org\hibernate\hibernate-entitymanager\4.3.11.Final\hibernate-entitymanager-4.3.11.Final.jar,C:\Users\u001312\.m2\repository\org\jboss\logging\jboss-logging\3.3.0.Final\jboss-logging-3.3.0.Final.jar,C:\Users\u001312\.m2\repository\org\jboss\logging\jboss-logging-annotations\1.2.0.Beta1\jboss-logging-annotations-1.2.0.Beta1.jar,C:\Users\u001312\.m2\repository\org\hibernate\hibernate-core\4.3.11.Final\hibernate-core-4.3.11.Final.jar,C:\Users\u001312\.m2\repository\antlr\antlr\2.7.7\antlr-2.7.7.jar,C:\Users\u001312\.m2\repository\org\jboss\jandex\1.1.0.Final\jandex-1.1.0.Final.jar,C:\Users\u001312\.m2\repository\dom4j\dom4j\1.6.1\dom4j-1.6.1.jar,C:\Users\u001312\.m2\repository\xml-apis\xml-apis\1.0.b2\xml-apis-1.0.b2.jar,C:\Users\u001312\.m2\repository\org\hibernate\common\hibernate-commons-annotations\4.0.5.Final\hibernate-commons-annotations-4.0.5.Final.jar,C:\Users\u001312\.m2\repository\org\hibernate\javax\persistence\hibernate-jpa-2.1-api\1.0.0.Final\hibernate-jpa-2.1-api-1.0.0.Final.jar,C:\Users\u001312\.m2\repository\org\jboss\spec\javax\transaction\jboss-transaction-api_1.2_spec\1.0.0.Final\jboss-transaction-api_1.2_spec-1.0.0.Final.jar,C:\Users\u001312\.m2\repository\org\javassist\javassist\3.18.1-GA\javassist-3.18.1-GA.jar,C:\Users\u001312\.m2\repository\org\hibernate\hibernate-validator\5.2.4.Final\hibernate-validator-5.2.4.Final.jar,C:\Users\u001312\.m2\repository\javax\validation\validation-api\1.1.0.Final\validation-api-1.1.0.Final.jar,C:\Users\u001312\.m2\repository\com\fasterxml\classmate\1.1.0\classmate-1.1.0.jar,C:\Users\u001312\.m2\repository\org\hibernate\hibernate-ehcache\4.3.11.Final\hibernate-ehcache-4.3.11.Final.jar,C:\Users\u001312\.m2\repository\net\sf\ehcache\ehcache-core\2.4.3\ehcache-core-2.4.3.jar,C:\Users\u001312\.m2\repository\net\sf\ehcache\ehcache\2.10.2.2.21\ehcache-2.10.2.2.21.jar,C:\Users\u001312\.m2\repository\org\objenesis\objenesis\2.1\objenesis-2.1.jar,C:\Users\u001312\.m2\repository\com\github\dandelion\dandelion-jsp\1.1.1\dandelion-jsp-1.1.1.jar,C:\Users\u001312\.m2\repository\com\github\dandelion\dandelion-core\1.1.1\dandelion-core-1.1.1.jar,C:\Users\u001312\.m2\repository\commons-io\commons-io\2.4\commons-io-2.4.jar,C:\Users\u001312\.m2\repository\com\fasterxml\jackson\core\jackson-core\2.6.7\jackson-core-2.6.7.jar,C:\Users\u001312\.m2\repository\com\fasterxml\jackson\core\jackson-annotations\2.6.7\jackson-annotations-2.6.7.jar,C:\Users\u001312\.m2\repository\com\fasterxml\jackson\core\jackson-databind\2.6.7\jackson-databind-2.6.7.jar,C:\Users\u001312\.m2\repository\com\github\dandelion\datatables-jsp\1.1.0\datatables-jsp-1.1.0.jar,C:\Users\u001312\.m2\repository\com\github\dandelion\datatables-core\1.1.0\datatables-core-1.1.0.jar,C:\Users\u001312\.m2\repository\commons-beanutils\commons-beanutils\1.9.2\commons-beanutils-1.9.2.jar,C:\Users\u001312\.m2\repository\commons-collections\commons-collections\3.2.2\commons-collections-3.2.2.jar,C:\Users\u001312\.m2\repository\com\github\dandelion\datatables-export-itext\1.1.0\datatables-export-itext-1.1.0.jar,C:\Users\u001312\.m2\repository\com\itextpdf\itextpdf\5.4.5\itextpdf-5.4.5.jar,C:\Users\u001312\.m2\repository\com\googlecode\json-simple\json-simple\1.1.1\json-simple-1.1.1.jar,C:\Users\u001312\.m2\repository\javax\enterprise\cdi-api\1.0\cdi-api-1.0.jar,C:\Users\u001312\.m2\repository\org\jboss\interceptor\jboss-interceptor-api\1.1\jboss-interceptor-api-1.1.jar,C:\Users\u001312\.m2\repository\javax\annotation\jsr250-api\1.0\jsr250-api-1.0.jar,C:\Users\u001312\.m2\repository\javax\inject\javax.inject\1\javax.inject-1.jar,C:\Users\u001312\.m2\repository\uk\com\robust-it\cloning\1.9.2\cloning-1.9.2.jar,C:\Users\u001312\.m2\repository\org\apache\commons\commons-lang3\3.6\commons-lang3-3.6.jar,C:\Users\u001312\.m2\repository\de\kontext-e\jqassistant\plugin\jqassistant.plugin.findbugs\1.2.0\jqassistant.plugin.findbugs-1.2.0.jar,.]
[loading ZipFileIndexFileObject[C:\Development\apps\Java\jdk1.8.0_25\lib\ct.sym(META-INF/sym/rt.jar/java/util/Collection.class)]]
[loading ZipFileIndexFileObject[C:\Users\u001312\.m2\repository\org\hibernate\javax\persistence\hibernate-jpa-2.1-api\1.0.0.Final\hibernate-jpa-2.1-api-1.0.0.Final.jar(javax/persistence/EntityManager.class)]]
[loading ZipFileIndexFileObject[C:\Users\u001312\.m2\repository\org\hibernate\javax\persistence\hibernate-jpa-2.1-api\1.0.0.Final\hibernate-jpa-2.1-api-1.0.0.Final.jar(javax/persistence/PersistenceContext.class)]]
[loading ZipFileIndexFileObject[C:\Users\u001312\.m2\repository\org\springframework\spring-context\4.2.7.RELEASE\spring-context-4.2.7.RELEASE.jar(org/springframework/cache/annotation/Cacheable.class)]]
[loading ZipFileIndexFileObject[C:\Users\u001312\.m2\repository\org\springframework\spring-context\4.2.7.RELEASE\spring-context-4.2.7.RELEASE.jar(org/springframework/stereotype/Repository.class)]]
[loading ZipFileIndexFileObject[C:\Users\u001312\.m2\repository\org\springframework\spring-tx\4.2.7.RELEASE\spring-tx-4.2.7.RELEASE.jar(org/springframework/dao/DataAccessException.class)]]
[loading ZipFileIndexFileObject[C:\Development\apps\Java\jdk1.8.0_25\lib\ct.sym(META-INF/sym/rt.jar/java/lang/Object.class)]]
[loading ZipFileIndexFileObject[C:\Development\apps\Java\jdk1.8.0_25\lib\ct.sym(META-INF/sym/rt.jar/java/util/ArrayList.class)]]
[loading ZipFileIndexFileObject[C:\Development\apps\Java\jdk1.8.0_25\lib\ct.sym(META-INF/sym/rt.jar/java/util/Collections.class)]]
[loading ZipFileIndexFileObject[C:\Development\apps\Java\jdk1.8.0_25\lib\ct.sym(META-INF/sym/rt.jar/java/util/HashSet.class)]]
[loading ZipFileIndexFileObject[C:\Development\apps\Java\jdk1.8.0_25\lib\ct.sym(META-INF/sym/rt.jar/java/util/List.class)]]
[loading ZipFileIndexFileObject[C:\Development\apps\Java\jdk1.8.0_25\lib\ct.sym(META-INF/sym/rt.jar/java/util/Set.class)]]
[loading ZipFileIndexFileObject[C:\Users\u001312\.m2\repository\org\hibernate\javax\persistence\hibernate-jpa-2.1-api\1.0.0.Final\hibernate-jpa-2.1-api-1.0.0.Final.jar(javax/persistence/Entity.class)]]
[loading ZipFileIndexFileObject[C:\Users\u001312\.m2\repository\org\hibernate\javax\persistence\hibernate-jpa-2.1-api\1.0.0.Final\hibernate-jpa-2.1-api-1.0.0.Final.jar(javax/persistence/FetchType.class)]]
[loading ZipFileIndexFileObject[C:\Users\u001312\.m2\repository\org\hibernate\javax\persistence\hibernate-jpa-2.1-api\1.0.0.Final\hibernate-jpa-2.1-api-1.0.0.Final.jar(javax/persistence/JoinColumn.class)]]
[loading ZipFileIndexFileObject[C:\Users\u001312\.m2\repository\org\hibernate\javax\persistence\hibernate-jpa-2.1-api\1.0.0.Final\hibernate-jpa-2.1-api-1.0.0.Final.jar(javax/persistence/JoinTable.class)]]
[loading ZipFileIndexFileObject[C:\Users\u001312\.m2\repository\org\hibernate\javax\persistence\hibernate-jpa-2.1-api\1.0.0.Final\hibernate-jpa-2.1-api-1.0.0.Final.jar(javax/persistence/ManyToMany.class)]]
[loading ZipFileIndexFileObject[C:\Users\u001312\.m2\repository\org\hibernate\javax\persistence\hibernate-jpa-2.1-api\1.0.0.Final\hibernate-jpa-2.1-api-1.0.0.Final.jar(javax/persistence/Table.class)]]
[loading ZipFileIndexFileObject[C:\Development\apps\Java\jdk1.8.0_25\lib\ct.sym(META-INF/sym/rt.jar/javax/xml/bind/annotation/XmlElement.class)]]
[loading ZipFileIndexFileObject[C:\Users\u001312\.m2\repository\org\springframework\spring-beans\4.2.7.RELEASE\spring-beans-4.2.7.RELEASE.jar(org/springframework/beans/support/MutableSortDefinition.class)]]
[loading ZipFileIndexFileObject[C:\Users\u001312\.m2\repository\org\springframework\spring-beans\4.2.7.RELEASE\spring-beans-4.2.7.RELEASE.jar(org/springframework/beans/support/PropertyComparator.class)]]
[loading ZipFileIndexFileObject[C:\Users\u001312\.m2\repository\org\hibernate\javax\persistence\hibernate-jpa-2.1-api\1.0.0.Final\hibernate-jpa-2.1-api-1.0.0.Final.jar(javax/persistence/Column.class)]]
[loading ZipFileIndexFileObject[C:\Users\u001312\.m2\repository\org\hibernate\javax\persistence\hibernate-jpa-2.1-api\1.0.0.Final\hibernate-jpa-2.1-api-1.0.0.Final.jar(javax/persistence/MappedSuperclass.class)]]
[loading ZipFileIndexFileObject[C:\Users\u001312\.m2\repository\org\hibernate\hibernate-validator\5.2.4.Final\hibernate-validator-5.2.4.Final.jar(org/hibernate/validator/constraints/NotEmpty.class)]]
[loading ZipFileIndexFileObject[C:\Users\u001312\.m2\repository\org\hibernate\javax\persistence\hibernate-jpa-2.1-api\1.0.0.Final\hibernate-jpa-2.1-api-1.0.0.Final.jar(javax/persistence/GeneratedValue.class)]]
[loading ZipFileIndexFileObject[C:\Users\u001312\.m2\repository\org\hibernate\javax\persistence\hibernate-jpa-2.1-api\1.0.0.Final\hibernate-jpa-2.1-api-1.0.0.Final.jar(javax/persistence/GenerationType.class)]]
[loading ZipFileIndexFileObject[C:\Users\u001312\.m2\repository\org\hibernate\javax\persistence\hibernate-jpa-2.1-api\1.0.0.Final\hibernate-jpa-2.1-api-1.0.0.Final.jar(javax/persistence/Id.class)]]
[loading ZipFileIndexFileObject[C:\Development\apps\Java\jdk1.8.0_25\lib\ct.sym(META-INF/sym/rt.jar/java/lang/String.class)]]
[loading ZipFileIndexFileObject[C:\Development\apps\Java\jdk1.8.0_25\lib\ct.sym(META-INF/sym/rt.jar/java/lang/Integer.class)]]
[loading ZipFileIndexFileObject[C:\Users\u001312\.m2\repository\org\springframework\spring-beans\4.2.7.RELEASE\spring-beans-4.2.7.RELEASE.jar(org/springframework/beans/factory/annotation/Autowired.class)]]
[loading ZipFileIndexFileObject[C:\Users\u001312\.m2\repository\org\springframework\spring-context\4.2.7.RELEASE\spring-context-4.2.7.RELEASE.jar(org/springframework/stereotype/Service.class)]]
[loading ZipFileIndexFileObject[C:\Users\u001312\.m2\repository\org\springframework\spring-tx\4.2.7.RELEASE\spring-tx-4.2.7.RELEASE.jar(org/springframework/transaction/annotation/Transactional.class)]]
[loading ZipFileIndexFileObject[C:\Users\u001312\.m2\repository\javax\enterprise\cdi-api\1.0\cdi-api-1.0.jar(javax/enterprise/context/SessionScoped.class)]]
[loading ZipFileIndexFileObject[C:\Users\u001312\.m2\repository\javax\validation\validation-api\1.1.0.Final\validation-api-1.1.0.Final.jar(javax/validation/Valid.class)]]
[loading ZipFileIndexFileObject[C:\Users\u001312\.m2\repository\org\hibernate\javax\persistence\hibernate-jpa-2.1-api\1.0.0.Final\hibernate-jpa-2.1-api-1.0.0.Final.jar(javax/persistence/CascadeType.class)]]
[loading ZipFileIndexFileObject[C:\Users\u001312\.m2\repository\org\hibernate\javax\persistence\hibernate-jpa-2.1-api\1.0.0.Final\hibernate-jpa-2.1-api-1.0.0.Final.jar(javax/persistence/OneToMany.class)]]
[loading ZipFileIndexFileObject[C:\Users\u001312\.m2\repository\javax\validation\validation-api\1.1.0.Final\validation-api-1.1.0.Final.jar(javax/validation/constraints/Digits.class)]]
[loading ZipFileIndexFileObject[C:\Users\u001312\.m2\repository\org\springframework\spring-core\4.2.7.RELEASE\spring-core-4.2.7.RELEASE.jar(org/springframework/core/style/ToStringCreator.class)]]
[loading ZipFileIndexFileObject[C:\Users\u001312\.m2\repository\org\hibernate\javax\persistence\hibernate-jpa-2.1-api\1.0.0.Final\hibernate-jpa-2.1-api-1.0.0.Final.jar(javax/persistence/ManyToOne.class)]]
[loading ZipFileIndexFileObject[C:\Users\u001312\.m2\repository\org\hibernate\hibernate-core\4.3.11.Final\hibernate-core-4.3.11.Final.jar(org/hibernate/annotations/Type.class)]]
[loading ZipFileIndexFileObject[C:\Users\u001312\.m2\repository\joda-time\joda-time\2.8.2\joda-time-2.8.2.jar(org/joda/time/LocalDate.class)]]
[loading ZipFileIndexFileObject[C:\Users\u001312\.m2\repository\org\springframework\spring-context\4.2.7.RELEASE\spring-context-4.2.7.RELEASE.jar(org/springframework/format/annotation/DateTimeFormat.class)]]
[loading ZipFileIndexFileObject[C:\Users\u001312\.m2\repository\joda-time\joda-time\2.8.2\joda-time-2.8.2.jar(org/joda/time/DateTime.class)]]
[loading ZipFileIndexFileObject[C:\Development\apps\Java\jdk1.8.0_25\lib\ct.sym(META-INF/sym/rt.jar/java/awt/Image.class)]]
[loading ZipFileIndexFileObject[C:\Development\apps\Java\jdk1.8.0_25\lib\ct.sym(META-INF/sym/rt.jar/java/lang/Double.class)]]
[loading ZipFileIndexFileObject[C:\Users\u001312\.m2\repository\org\springframework\spring-orm\4.2.7.RELEASE\spring-orm-4.2.7.RELEASE.jar(org/springframework/orm/ObjectRetrievalFailureException.class)]]
[loading ZipFileIndexFileObject[C:\Development\apps\Java\jdk1.8.0_25\lib\ct.sym(META-INF/sym/rt.jar/java/lang/Class.class)]]
[loading ZipFileIndexFileObject[C:\Development\apps\Java\jdk1.8.0_25\lib\ct.sym(META-INF/sym/rt.jar/java/util/HashMap.class)]]
[loading ZipFileIndexFileObject[C:\Development\apps\Java\jdk1.8.0_25\lib\ct.sym(META-INF/sym/rt.jar/java/util/Map.class)]]
[loading ZipFileIndexFileObject[C:\Development\apps\Java\jdk1.8.0_25\lib\ct.sym(META-INF/sym/rt.jar/javax/sql/DataSource.class)]]
[loading ZipFileIndexFileObject[C:\Users\u001312\.m2\repository\org\springframework\spring-tx\4.2.7.RELEASE\spring-tx-4.2.7.RELEASE.jar(org/springframework/dao/EmptyResultDataAccessException.class)]]
[loading ZipFileIndexFileObject[C:\Users\u001312\.m2\repository\org\springframework\spring-jdbc\4.2.7.RELEASE\spring-jdbc-4.2.7.RELEASE.jar(org/springframework/jdbc/core/BeanPropertyRowMapper.class)]]
[loading ZipFileIndexFileObject[C:\Users\u001312\.m2\repository\org\springframework\spring-jdbc\4.2.7.RELEASE\spring-jdbc-4.2.7.RELEASE.jar(org/springframework/jdbc/core/namedparam/BeanPropertySqlParameterSource.class)]]
[loading ZipFileIndexFileObject[C:\Users\u001312\.m2\repository\org\springframework\spring-jdbc\4.2.7.RELEASE\spring-jdbc-4.2.7.RELEASE.jar(org/springframework/jdbc/core/namedparam/NamedParameterJdbcTemplate.class)]]
[loading ZipFileIndexFileObject[C:\Users\u001312\.m2\repository\org\springframework\spring-jdbc\4.2.7.RELEASE\spring-jdbc-4.2.7.RELEASE.jar(org/springframework/jdbc/core/simple/SimpleJdbcInsert.class)]]
[loading ZipFileIndexFileObject[C:\Users\u001312\.m2\repository\org\springframework\spring-context\4.2.7.RELEASE\spring-context-4.2.7.RELEASE.jar(org/springframework/stereotype/Controller.class)]]
[loading ZipFileIndexFileObject[C:\Users\u001312\.m2\repository\org\springframework\spring-context\4.2.7.RELEASE\spring-context-4.2.7.RELEASE.jar(org/springframework/validation/BindingResult.class)]]
[loading ZipFileIndexFileObject[C:\Users\u001312\.m2\repository\org\springframework\spring-web\4.2.7.RELEASE\spring-web-4.2.7.RELEASE.jar(org/springframework/web/bind/WebDataBinder.class)]]
[loading ZipFileIndexFileObject[C:\Users\u001312\.m2\repository\org\springframework\spring-web\4.2.7.RELEASE\spring-web-4.2.7.RELEASE.jar(org/springframework/web/bind/annotation/InitBinder.class)]]
[loading ZipFileIndexFileObject[C:\Users\u001312\.m2\repository\org\springframework\spring-web\4.2.7.RELEASE\spring-web-4.2.7.RELEASE.jar(org/springframework/web/bind/annotation/ModelAttribute.class)]]
[loading ZipFileIndexFileObject[C:\Users\u001312\.m2\repository\org\springframework\spring-web\4.2.7.RELEASE\spring-web-4.2.7.RELEASE.jar(org/springframework/web/bind/annotation/PathVariable.class)]]
[loading ZipFileIndexFileObject[C:\Users\u001312\.m2\repository\org\springframework\spring-web\4.2.7.RELEASE\spring-web-4.2.7.RELEASE.jar(org/springframework/web/bind/annotation/RequestMapping.class)]]
[loading ZipFileIndexFileObject[C:\Users\u001312\.m2\repository\org\springframework\spring-web\4.2.7.RELEASE\spring-web-4.2.7.RELEASE.jar(org/springframework/web/bind/annotation/RequestMethod.class)]]
[loading ZipFileIndexFileObject[C:\Users\u001312\.m2\repository\org\springframework\spring-core\4.2.7.RELEASE\spring-core-4.2.7.RELEASE.jar(org/springframework/util/StringUtils.class)]]
[loading ZipFileIndexFileObject[C:\Users\u001312\.m2\repository\org\springframework\spring-context\4.2.7.RELEASE\spring-context-4.2.7.RELEASE.jar(org/springframework/validation/Errors.class)]]
[loading ZipFileIndexFileObject[C:\Users\u001312\.m2\repository\org\springframework\spring-context\4.2.7.RELEASE\spring-context-4.2.7.RELEASE.jar(org/springframework/validation/Validator.class)]]
[loading ZipFileIndexFileObject[C:\Development\apps\Java\jdk1.8.0_25\lib\ct.sym(META-INF/sym/rt.jar/javax/xml/bind/annotation/XmlRootElement.class)]]
[loading ZipFileIndexFileObject[C:\Users\u001312\.m2\repository\com\github\dandelion\dandelion-core\1.1.1\dandelion-core-1.1.1.jar(com/github/dandelion/core/web/DandelionFilter.class)]]
[loading ZipFileIndexFileObject[C:\Users\u001312\.m2\repository\com\github\dandelion\dandelion-core\1.1.1\dandelion-core-1.1.1.jar(com/github/dandelion/core/web/DandelionServlet.class)]]
[loading ZipFileIndexFileObject[C:\Users\u001312\.m2\repository\com\github\dandelion\datatables-core\1.1.0\datatables-core-1.1.0.jar(com/github/dandelion/datatables/core/web/filter/DatatablesFilter.class)]]
[loading ZipFileIndexFileObject[C:\Users\u001312\.m2\repository\org\springframework\spring-core\4.2.7.RELEASE\spring-core-4.2.7.RELEASE.jar(org/springframework/util/Assert.class)]]
[loading ZipFileIndexFileObject[C:\Users\u001312\.m2\repository\org\springframework\spring-web\4.2.7.RELEASE\spring-web-4.2.7.RELEASE.jar(org/springframework/web/WebApplicationInitializer.class)]]
[loading ZipFileIndexFileObject[C:\Users\u001312\.m2\repository\org\springframework\spring-web\4.2.7.RELEASE\spring-web-4.2.7.RELEASE.jar(org/springframework/web/context/WebApplicationContext.class)]]
[loading ZipFileIndexFileObject[C:\Users\u001312\.m2\repository\org\springframework\spring-web\4.2.7.RELEASE\spring-web-4.2.7.RELEASE.jar(org/springframework/web/context/support/XmlWebApplicationContext.class)]]
[loading ZipFileIndexFileObject[C:\Users\u001312\.m2\repository\org\springframework\spring-web\4.2.7.RELEASE\spring-web-4.2.7.RELEASE.jar(org/springframework/web/filter/CharacterEncodingFilter.class)]]
[loading ZipFileIndexFileObject[C:\Users\u001312\.m2\repository\org\springframework\spring-webmvc\4.2.7.RELEASE\spring-webmvc-4.2.7.RELEASE.jar(org/springframework/web/servlet/DispatcherServlet.class)]]
[loading ZipFileIndexFileObject[C:\Users\u001312\.m2\repository\org\springframework\spring-webmvc\4.2.7.RELEASE\spring-webmvc-4.2.7.RELEASE.jar(org/springframework/web/servlet/support/AbstractDispatcherServletInitializer.class)]]
[loading ZipFileIndexFileObject[C:\Development\apps\Java\jdk1.8.0_25\lib\ct.sym(META-INF/sym/rt.jar/java/util/EnumSet.class)]]
[loading ZipFileIndexFileObject[C:\Users\u001312\.m2\repository\org\springframework\spring-web\4.2.7.RELEASE\spring-web-4.2.7.RELEASE.jar(org/springframework/web/context/AbstractContextLoaderInitializer.class)]]
[loading ZipFileIndexFileObject[C:\Users\u001312\.m2\repository\org\apache\tomcat\tomcat-servlet-api\7.0.59\tomcat-servlet-api-7.0.59.jar(javax/servlet/ServletContext.class)]]
[loading ZipFileIndexFileObject[C:\Users\u001312\.m2\repository\org\apache\tomcat\tomcat-servlet-api\7.0.59\tomcat-servlet-api-7.0.59.jar(javax/servlet/ServletException.class)]]
[loading ZipFileIndexFileObject[C:\Users\u001312\.m2\repository\org\apache\tomcat\tomcat-servlet-api\7.0.59\tomcat-servlet-api-7.0.59.jar(javax/servlet/Filter.class)]]
[loading ZipFileIndexFileObject[C:\Users\u001312\.m2\repository\org\apache\tomcat\tomcat-servlet-api\7.0.59\tomcat-servlet-api-7.0.59.jar(javax/servlet/FilterRegistration.class)]]
[loading ZipFileIndexFileObject[C:\Users\u001312\.m2\repository\org\apache\tomcat\tomcat-servlet-api\7.0.59\tomcat-servlet-api-7.0.59.jar(javax/servlet/FilterRegistration$Dynamic.class)]]
[loading ZipFileIndexFileObject[C:\Development\apps\Java\jdk1.8.0_25\lib\ct.sym(META-INF/sym/rt.jar/java/sql/ResultSet.class)]]
[loading ZipFileIndexFileObject[C:\Development\apps\Java\jdk1.8.0_25\lib\ct.sym(META-INF/sym/rt.jar/java/sql/SQLException.class)]]
[loading ZipFileIndexFileObject[C:\Development\apps\Java\jdk1.8.0_25\lib\ct.sym(META-INF/sym/rt.jar/java/util/Date.class)]]
[loading ZipFileIndexFileObject[C:\Users\u001312\.m2\repository\org\springframework\spring-jdbc\4.2.7.RELEASE\spring-jdbc-4.2.7.RELEASE.jar(org/springframework/jdbc/core/RowMapper.class)]]
[loading ZipFileIndexFileObject[C:\Users\u001312\.m2\repository\org\springframework\data\spring-data-commons\1.11.4.RELEASE\spring-data-commons-1.11.4.RELEASE.jar(org/springframework/data/repository/Repository.class)]]
[loading ZipFileIndexFileObject[C:\Users\u001312\.m2\repository\org\springframework\data\spring-data-jdbc-core\1.1.0.RELEASE\spring-data-jdbc-core-1.1.0.RELEASE.jar(org/springframework/data/jdbc/core/OneToManyResultSetExtractor.class)]]
[loading ZipFileIndexFileObject[C:\Users\u001312\.m2\repository\org\springframework\spring-jdbc\4.2.7.RELEASE\spring-jdbc-4.2.7.RELEASE.jar(org/springframework/jdbc/core/ResultSetExtractor.class)]]
[loading ZipFileIndexFileObject[C:\Users\u001312\.m2\repository\org\aspectj\aspectjrt\1.8.9\aspectjrt-1.8.9.jar(org/aspectj/lang/ProceedingJoinPoint.class)]]
[loading ZipFileIndexFileObject[C:\Users\u001312\.m2\repository\org\aspectj\aspectjrt\1.8.9\aspectjrt-1.8.9.jar(org/aspectj/lang/annotation/Around.class)]]
[loading ZipFileIndexFileObject[C:\Users\u001312\.m2\repository\org\aspectj\aspectjrt\1.8.9\aspectjrt-1.8.9.jar(org/aspectj/lang/annotation/Aspect.class)]]
[loading ZipFileIndexFileObject[C:\Users\u001312\.m2\repository\org\springframework\spring-context\4.2.7.RELEASE\spring-context-4.2.7.RELEASE.jar(org/springframework/jmx/export/annotation/ManagedAttribute.class)]]
[loading ZipFileIndexFileObject[C:\Users\u001312\.m2\repository\org\springframework\spring-context\4.2.7.RELEASE\spring-context-4.2.7.RELEASE.jar(org/springframework/jmx/export/annotation/ManagedOperation.class)]]
[loading ZipFileIndexFileObject[C:\Users\u001312\.m2\repository\org\springframework\spring-context\4.2.7.RELEASE\spring-context-4.2.7.RELEASE.jar(org/springframework/jmx/export/annotation/ManagedResource.class)]]
[loading ZipFileIndexFileObject[C:\Users\u001312\.m2\repository\org\springframework\spring-core\4.2.7.RELEASE\spring-core-4.2.7.RELEASE.jar(org/springframework/util/StopWatch.class)]]
[loading ZipFileIndexFileObject[C:\Development\apps\Java\jdk1.8.0_25\lib\ct.sym(META-INF/sym/rt.jar/java/lang/Throwable.class)]]
[loading ZipFileIndexFileObject[C:\Users\u001312\.m2\repository\org\springframework\spring-context\4.2.7.RELEASE\spring-context-4.2.7.RELEASE.jar(org/springframework/ui/Model.class)]]
[loading ZipFileIndexFileObject[C:\Users\u001312\.m2\repository\org\springframework\spring-webmvc\4.2.7.RELEASE\spring-webmvc-4.2.7.RELEASE.jar(org/springframework/web/servlet/ModelAndView.class)]]
[loading ZipFileIndexFileObject[C:\Development\apps\Java\jdk1.8.0_25\lib\ct.sym(META-INF/sym/rt.jar/java/text/ParseException.class)]]
[loading ZipFileIndexFileObject[C:\Development\apps\Java\jdk1.8.0_25\lib\ct.sym(META-INF/sym/rt.jar/java/util/Locale.class)]]
[loading ZipFileIndexFileObject[C:\Users\u001312\.m2\repository\org\springframework\spring-context\4.2.7.RELEASE\spring-context-4.2.7.RELEASE.jar(org/springframework/format/Formatter.class)]]
[loading ZipFileIndexFileObject[C:\Users\u001312\.m2\repository\org\springframework\spring-context\4.2.7.RELEASE\spring-context-4.2.7.RELEASE.jar(org/springframework/format/Printer.class)]]
[loading ZipFileIndexFileObject[C:\Users\u001312\.m2\repository\org\springframework\spring-context\4.2.7.RELEASE\spring-context-4.2.7.RELEASE.jar(org/springframework/format/Parser.class)]]
[loading ZipFileIndexFileObject[C:\Users\u001312\.m2\repository\org\springframework\spring-jdbc\4.2.7.RELEASE\spring-jdbc-4.2.7.RELEASE.jar(org/springframework/jdbc/core/JdbcTemplate.class)]]
[loading ZipFileIndexFileObject[C:\Users\u001312\.m2\repository\org\springframework\spring-jdbc\4.2.7.RELEASE\spring-jdbc-4.2.7.RELEASE.jar(org/springframework/jdbc/core/namedparam/MapSqlParameterSource.class)]]
[loading ZipFileIndexFileObject[C:\Users\u001312\.m2\repository\uk\com\robust-it\cloning\1.9.2\cloning-1.9.2.jar(com/rits/cloning/Cloner.class)]]
[loading ZipFileIndexFileObject[C:\Users\u001312\.m2\repository\org\hibernate\javax\persistence\hibernate-jpa-2.1-api\1.0.0.Final\hibernate-jpa-2.1-api-1.0.0.Final.jar(javax/persistence/Query.class)]]
[loading ZipFileIndexFileObject[C:\Users\u001312\.m2\repository\org\springframework\spring-orm\4.2.7.RELEASE\spring-orm-4.2.7.RELEASE.jar(org/springframework/orm/hibernate3/support/OpenSessionInViewFilter.class)]]
[loading ZipFileIndexFileObject[C:\Users\u001312\.m2\repository\org\springframework\spring-context\4.2.7.RELEASE\spring-context-4.2.7.RELEASE.jar(org/springframework/ui/ModelMap.class)]]
[loading ZipFileIndexFileObject[C:\Users\u001312\.m2\repository\javax\enterprise\cdi-api\1.0\cdi-api-1.0.jar(javax/enterprise/context/ApplicationScoped.class)]]
[loading ZipFileIndexFileObject[C:\Users\u001312\.m2\repository\org\springframework\data\spring-data-jpa\1.9.4.RELEASE\spring-data-jpa-1.9.4.RELEASE.jar(org/springframework/data/jpa/repository/Query.class)]]
[loading ZipFileIndexFileObject[C:\Users\u001312\.m2\repository\org\springframework\data\spring-data-commons\1.11.4.RELEASE\spring-data-commons-1.11.4.RELEASE.jar(org/springframework/data/repository/query/Param.class)]]
[loading ZipFileIndexFileObject[C:\Users\u001312\.m2\repository\org\springframework\spring-web\4.2.7.RELEASE\spring-web-4.2.7.RELEASE.jar(org/springframework/web/bind/annotation/ResponseBody.class)]]
[loading ZipFileIndexFileObject[C:\Development\apps\Java\jdk1.8.0_25\lib\ct.sym(META-INF/sym/rt.jar/java/lang/annotation/Target.class)]]
[loading ZipFileIndexFileObject[C:\Development\apps\Java\jdk1.8.0_25\lib\ct.sym(META-INF/sym/rt.jar/java/lang/annotation/ElementType.class)]]
[loading ZipFileIndexFileObject[C:\Development\apps\Java\jdk1.8.0_25\lib\ct.sym(META-INF/sym/rt.jar/java/lang/annotation/Retention.class)]]
[loading ZipFileIndexFileObject[C:\Development\apps\Java\jdk1.8.0_25\lib\ct.sym(META-INF/sym/rt.jar/java/lang/annotation/RetentionPolicy.class)]]
[loading ZipFileIndexFileObject[C:\Users\u001312\.m2\repository\org\hibernate\javax\persistence\hibernate-jpa-2.1-api\1.0.0.Final\hibernate-jpa-2.1-api-1.0.0.Final.jar(javax/persistence/PersistenceContextType.class)]]
[loading ZipFileIndexFileObject[C:\Users\u001312\.m2\repository\org\hibernate\javax\persistence\hibernate-jpa-2.1-api\1.0.0.Final\hibernate-jpa-2.1-api-1.0.0.Final.jar(javax/persistence/SynchronizationType.class)]]
[loading ZipFileIndexFileObject[C:\Users\u001312\.m2\repository\org\springframework\spring-core\4.2.7.RELEASE\spring-core-4.2.7.RELEASE.jar(org/springframework/core/annotation/AliasFor.class)]]
[loading ZipFileIndexFileObject[C:\Development\apps\Java\jdk1.8.0_25\lib\ct.sym(META-INF/sym/rt.jar/java/lang/annotation/Annotation.class)]]
[loading ZipFileIndexFileObject[C:\Users\u001312\.m2\repository\org\hibernate\javax\persistence\hibernate-jpa-2.1-api\1.0.0.Final\hibernate-jpa-2.1-api-1.0.0.Final.jar(javax/persistence/ForeignKey.class)]]
[loading ZipFileIndexFileObject[C:\Users\u001312\.m2\repository\org\hibernate\javax\persistence\hibernate-jpa-2.1-api\1.0.0.Final\hibernate-jpa-2.1-api-1.0.0.Final.jar(javax/persistence/ConstraintMode.class)]]
[loading ZipFileIndexFileObject[C:\Users\u001312\.m2\repository\javax\validation\validation-api\1.1.0.Final\validation-api-1.1.0.Final.jar(javax/validation/Constraint.class)]]
[loading ZipFileIndexFileObject[C:\Users\u001312\.m2\repository\javax\validation\validation-api\1.1.0.Final\validation-api-1.1.0.Final.jar(javax/validation/constraints/Size.class)]]
[loading ZipFileIndexFileObject[C:\Development\apps\Java\jdk1.8.0_25\lib\ct.sym(META-INF/sym/rt.jar/java/lang/Override.class)]]
[loading ZipFileIndexFileObject[C:\Development\apps\Java\jdk1.8.0_25\lib\ct.sym(META-INF/sym/rt.jar/java/lang/SuppressWarnings.class)]]
[loading ZipFileIndexFileObject[C:\Users\u001312\.m2\repository\org\springframework\spring-tx\4.2.7.RELEASE\spring-tx-4.2.7.RELEASE.jar(org/springframework/transaction/annotation/Propagation.class)]]
[loading ZipFileIndexFileObject[C:\Users\u001312\.m2\repository\org\springframework\spring-tx\4.2.7.RELEASE\spring-tx-4.2.7.RELEASE.jar(org/springframework/transaction/annotation/Isolation.class)]]
[loading ZipFileIndexFileObject[C:\Users\u001312\.m2\repository\javax\enterprise\cdi-api\1.0\cdi-api-1.0.jar(javax/enterprise/context/NormalScope.class)]]
[loading ZipFileIndexFileObject[C:\Users\u001312\.m2\repository\org\springframework\spring-context\4.2.7.RELEASE\spring-context-4.2.7.RELEASE.jar(org/springframework/format/annotation/DateTimeFormat$ISO.class)]]
[loading ZipFileIndexFileObject[C:\Users\u001312\.m2\repository\org\hibernate\javax\persistence\hibernate-jpa-2.1-api\1.0.0.Final\hibernate-jpa-2.1-api-1.0.0.Final.jar(javax/persistence/Transient.class)]]
[checking org.springframework.samples.petclinic.repository.jpa.JpaVetRepositoryImpl]
[loading ZipFileIndexFileObject[C:\Development\apps\Java\jdk1.8.0_25\lib\ct.sym(META-INF/sym/rt.jar/java/io/Serializable.class)]]
[loading ZipFileIndexFileObject[C:\Development\apps\Java\jdk1.8.0_25\lib\ct.sym(META-INF/sym/rt.jar/java/lang/AutoCloseable.class)]]
[loading ZipFileIndexFileObject[C:\Users\u001312\.m2\repository\org\hibernate\javax\persistence\hibernate-jpa-2.1-api\1.0.0.Final\hibernate-jpa-2.1-api-1.0.0.Final.jar(javax/persistence/TypedQuery.class)]]
[loading ZipFileIndexFileObject[C:\Users\u001312\.m2\repository\org\hibernate\javax\persistence\hibernate-jpa-2.1-api\1.0.0.Final\hibernate-jpa-2.1-api-1.0.0.Final.jar(javax/persistence/criteria/CriteriaDelete.class)]]
[loading ZipFileIndexFileObject[C:\Development\apps\Java\jdk1.8.0_25\lib\ct.sym(META-INF/sym/rt.jar/java/lang/Comparable.class)]]
[loading ZipFileIndexFileObject[C:\Development\apps\Java\jdk1.8.0_25\lib\ct.sym(META-INF/sym/rt.jar/java/lang/CharSequence.class)]]
[loading ZipFileIndexFileObject[C:\Users\u001312\.m2\repository\org\hibernate\javax\persistence\hibernate-jpa-2.1-api\1.0.0.Final\hibernate-jpa-2.1-api-1.0.0.Final.jar(javax/persistence/criteria/CriteriaUpdate.class)]]
[loading ZipFileIndexFileObject[C:\Users\u001312\.m2\repository\org\hibernate\javax\persistence\hibernate-jpa-2.1-api\1.0.0.Final\hibernate-jpa-2.1-api-1.0.0.Final.jar(javax/persistence/criteria/CriteriaQuery.class)]]
[wrote RegularFileObject[C:\Development\repos\petclinicfork\spring-petclinic\target\classes\org\springframework\samples\petclinic\repository\jpa\JpaVetRepositoryImpl.class]]
[checking org.springframework.samples.petclinic.repository.VetRepository]
[loading ZipFileIndexFileObject[C:\Users\u001312\.m2\repository\org\springframework\spring-core\4.2.7.RELEASE\spring-core-4.2.7.RELEASE.jar(org/springframework/core/NestedRuntimeException.class)]]
[loading ZipFileIndexFileObject[C:\Development\apps\Java\jdk1.8.0_25\lib\ct.sym(META-INF/sym/rt.jar/java/lang/RuntimeException.class)]]
[loading ZipFileIndexFileObject[C:\Development\apps\Java\jdk1.8.0_25\lib\ct.sym(META-INF/sym/rt.jar/java/lang/Exception.class)]]
[wrote RegularFileObject[C:\Development\repos\petclinicfork\spring-petclinic\target\classes\org\springframework\samples\petclinic\repository\VetRepository.class]]
[checking org.springframework.samples.petclinic.model.Vet]
[loading ZipFileIndexFileObject[C:\Development\apps\Java\jdk1.8.0_25\lib\ct.sym(META-INF/sym/rt.jar/java/lang/Number.class)]]
[loading ZipFileIndexFileObject[C:\Users\u001312\.m2\repository\org\apache\commons\commons-lang3\3.6\commons-lang3-3.6.jar(org/apache/commons/lang3/builder/ReflectionToStringBuilder.class)]]
[loading ZipFileIndexFileObject[C:\Users\u001312\.m2\repository\org\apache\commons\commons-lang3\3.6\commons-lang3-3.6.jar(org/apache/commons/lang3/builder/RecursiveToStringStyle.class)]]
[loading ZipFileIndexFileObject[C:\Users\u001312\.m2\repository\org\apache\commons\commons-lang3\3.6\commons-lang3-3.6.jar(org/apache/commons/lang3/builder/ToStringBuilder.class)]]
[loading ZipFileIndexFileObject[C:\Users\u001312\.m2\repository\org\apache\commons\commons-lang3\3.6\commons-lang3-3.6.jar(org/apache/commons/lang3/builder/Builder.class)]]
[loading ZipFileIndexFileObject[C:\Development\apps\Java\jdk1.8.0_25\lib\ct.sym(META-INF/sym/rt.jar/java/util/AbstractSet.class)]]
[loading ZipFileIndexFileObject[C:\Development\apps\Java\jdk1.8.0_25\lib\ct.sym(META-INF/sym/rt.jar/java/util/AbstractCollection.class)]]
[loading ZipFileIndexFileObject[C:\Development\apps\Java\jdk1.8.0_25\lib\ct.sym(META-INF/sym/rt.jar/java/lang/Iterable.class)]]
[loading ZipFileIndexFileObject[C:\Development\apps\Java\jdk1.8.0_25\lib\ct.sym(META-INF/sym/rt.jar/java/util/AbstractList.class)]]
[loading ZipFileIndexFileObject[C:\Users\u001312\.m2\repository\org\springframework\spring-beans\4.2.7.RELEASE\spring-beans-4.2.7.RELEASE.jar(org/springframework/beans/support/SortDefinition.class)]]
[loading ZipFileIndexFileObject[C:\Development\apps\Java\jdk1.8.0_25\lib\ct.sym(META-INF/sym/rt.jar/java/util/Comparator.class)]]
[loading ZipFileIndexFileObject[C:\Development\apps\Java\jdk1.8.0_25\lib\ct.sym(META-INF/sym/rt.jar/java/lang/Error.class)]]
[loading ZipFileIndexFileObject[C:\Users\u001312\.m2\repository\org\springframework\spring-beans\4.2.7.RELEASE\spring-beans-4.2.7.RELEASE.jar(org/springframework/beans/BeansException.class)]]
[checking org.springframework.samples.petclinic.model.Person]
[checking org.springframework.samples.petclinic.model.BaseEntity]
[wrote RegularFileObject[C:\Development\repos\petclinicfork\spring-petclinic\target\classes\org\springframework\samples\petclinic\model\Vet.class]]
[loading ZipFileIndexFileObject[C:\Users\u001312\.m2\repository\org\apache\commons\commons-lang3\3.6\commons-lang3-3.6.jar(org/apache/commons/lang3/builder/ToStringStyle.class)]]
[wrote RegularFileObject[C:\Development\repos\petclinicfork\spring-petclinic\target\classes\org\springframework\samples\petclinic\model\Person.class]]
[wrote RegularFileObject[C:\Development\repos\petclinicfork\spring-petclinic\target\classes\org\springframework\samples\petclinic\model\BaseEntity.class]]
[checking org.springframework.samples.petclinic.model.Specialty]
[checking org.springframework.samples.petclinic.model.NamedEntity]
[wrote RegularFileObject[C:\Development\repos\petclinicfork\spring-petclinic\target\classes\org\springframework\samples\petclinic\model\Specialty.class]]
[wrote RegularFileObject[C:\Development\repos\petclinicfork\spring-petclinic\target\classes\org\springframework\samples\petclinic\model\NamedEntity.class]]
[checking org.springframework.samples.petclinic.service.ClinicServiceImpl]
[loading ZipFileIndexFileObject[C:\Development\apps\Java\jdk1.8.0_25\lib\ct.sym(META-INF/sym/rt.jar/java/lang/Byte.class)]]
[loading ZipFileIndexFileObject[C:\Development\apps\Java\jdk1.8.0_25\lib\ct.sym(META-INF/sym/rt.jar/java/lang/Character.class)]]
[loading ZipFileIndexFileObject[C:\Development\apps\Java\jdk1.8.0_25\lib\ct.sym(META-INF/sym/rt.jar/java/lang/Short.class)]]
[loading ZipFileIndexFileObject[C:\Development\apps\Java\jdk1.8.0_25\lib\ct.sym(META-INF/sym/rt.jar/java/lang/Long.class)]]
[loading ZipFileIndexFileObject[C:\Development\apps\Java\jdk1.8.0_25\lib\ct.sym(META-INF/sym/rt.jar/java/lang/Float.class)]]
[wrote RegularFileObject[C:\Development\repos\petclinicfork\spring-petclinic\target\classes\org\springframework\samples\petclinic\service\ClinicServiceImpl.class]]
[checking org.springframework.samples.petclinic.service.ClinicService]
[wrote RegularFileObject[C:\Development\repos\petclinicfork\spring-petclinic\target\classes\org\springframework\samples\petclinic\service\ClinicService.class]]
[checking org.springframework.samples.petclinic.repository.PetRepository]
[wrote RegularFileObject[C:\Development\repos\petclinicfork\spring-petclinic\target\classes\org\springframework\samples\petclinic\repository\PetRepository.class]]
[checking org.springframework.samples.petclinic.repository.OwnerRepository]
[wrote RegularFileObject[C:\Development\repos\petclinicfork\spring-petclinic\target\classes\org\springframework\samples\petclinic\repository\OwnerRepository.class]]
[checking org.springframework.samples.petclinic.repository.VisitRepository]
[wrote RegularFileObject[C:\Development\repos\petclinicfork\spring-petclinic\target\classes\org\springframework\samples\petclinic\repository\VisitRepository.class]]
[checking org.springframework.samples.petclinic.model.PetType]
[wrote RegularFileObject[C:\Development\repos\petclinicfork\spring-petclinic\target\classes\org\springframework\samples\petclinic\model\PetType.class]]
[checking org.springframework.samples.petclinic.model.Owner]
[loading ZipFileIndexFileObject[C:\Development\apps\Java\jdk1.8.0_25\lib\ct.sym(META-INF/sym/rt.jar/java/lang/Thread.class)]]
[loading ZipFileIndexFileObject[C:\Development\apps\Java\jdk1.8.0_25\lib\ct.sym(META-INF/sym/rt.jar/sun/misc/Contended.class)]]
[loading ZipFileIndexFileObject[C:\Development\apps\Java\jdk1.8.0_25\lib\ct.sym(META-INF/sym/rt.jar/java/lang/Runnable.class)]]
[loading ZipFileIndexFileObject[C:\Development\apps\Java\jdk1.8.0_25\lib\ct.sym(META-INF/sym/rt.jar/java/lang/InterruptedException.class)]]
[loading ZipFileIndexFileObject[C:\Development\apps\Java\jdk1.8.0_25\lib\ct.sym(META-INF/sym/rt.jar/java/util/Iterator.class)]]
[wrote RegularFileObject[C:\Development\repos\petclinicfork\spring-petclinic\target\classes\org\springframework\samples\petclinic\model\Owner.class]]
[checking org.springframework.samples.petclinic.model.Visit]
[wrote RegularFileObject[C:\Development\repos\petclinicfork\spring-petclinic\target\classes\org\springframework\samples\petclinic\model\Visit.class]]
[checking org.springframework.samples.petclinic.model.Pet]
[loading ZipFileIndexFileObject[C:\Development\apps\Java\jdk1.8.0_25\lib\ct.sym(META-INF/sym/rt.jar/java/util/Random.class)]]
[loading ZipFileIndexFileObject[C:\Development\apps\Java\jdk1.8.0_25\lib\ct.sym(META-INF/sym/rt.jar/java/util/RandomAccess.class)]]
[loading ZipFileIndexFileObject[C:\Development\apps\Java\jdk1.8.0_25\lib\ct.sym(META-INF/sym/rt.jar/java/lang/Cloneable.class)]]
[loading ZipFileIndexFileObject[C:\Development\apps\Java\jdk1.8.0_25\lib\ct.sym(META-INF/sym/rt.jar/javax/swing/ImageIcon.class)]]
[loading ZipFileIndexFileObject[C:\Development\apps\Java\jdk1.8.0_25\lib\ct.sym(META-INF/sym/rt.jar/java/beans/ConstructorProperties.class)]]
[loading ZipFileIndexFileObject[C:\Development\apps\Java\jdk1.8.0_25\lib\ct.sym(META-INF/sym/rt.jar/java/net/URL.class)]]
[loading ZipFileIndexFileObject[C:\Development\apps\Java\jdk1.8.0_25\lib\ct.sym(META-INF/sym/rt.jar/javax/swing/Icon.class)]]
[loading ZipFileIndexFileObject[C:\Development\apps\Java\jdk1.8.0_25\lib\ct.sym(META-INF/sym/rt.jar/javax/accessibility/Accessible.class)]]
[loading ZipFileIndexFileObject[C:\Development\apps\Java\jdk1.8.0_25\lib\ct.sym(META-INF/sym/rt.jar/java/lang/Boolean.class)]]
[loading ZipFileIndexFileObject[C:\Development\apps\Java\jdk1.8.0_25\lib\ct.sym(META-INF/sym/rt.jar/java/lang/Void.class)]]
[wrote RegularFileObject[C:\Development\repos\petclinicfork\spring-petclinic\target\classes\org\springframework\samples\petclinic\model\Pet.class]]
[checking org.springframework.samples.petclinic.util.EntityUtils]
[loading ZipFileIndexFileObject[C:\Users\u001312\.m2\repository\org\springframework\spring-tx\4.2.7.RELEASE\spring-tx-4.2.7.RELEASE.jar(org/springframework/dao/DataRetrievalFailureException.class)]]
[loading ZipFileIndexFileObject[C:\Users\u001312\.m2\repository\org\springframework\spring-tx\4.2.7.RELEASE\spring-tx-4.2.7.RELEASE.jar(org/springframework/dao/NonTransientDataAccessException.class)]]
[loading ZipFileIndexFileObject[C:\Development\apps\Java\jdk1.8.0_25\lib\ct.sym(META-INF/sym/rt.jar/java/lang/reflect/GenericDeclaration.class)]]
[loading ZipFileIndexFileObject[C:\Development\apps\Java\jdk1.8.0_25\lib\ct.sym(META-INF/sym/rt.jar/java/lang/reflect/AnnotatedElement.class)]]
[loading ZipFileIndexFileObject[C:\Development\apps\Java\jdk1.8.0_25\lib\ct.sym(META-INF/sym/rt.jar/java/lang/reflect/Type.class)]]
[wrote RegularFileObject[C:\Development\repos\petclinicfork\spring-petclinic\target\classes\org\springframework\samples\petclinic\util\EntityUtils.class]]
[checking org.springframework.samples.petclinic.repository.jdbc.JdbcOwnerRepositoryImpl]
[loading ZipFileIndexFileObject[C:\Users\u001312\.m2\repository\org\springframework\spring-jdbc\4.2.7.RELEASE\spring-jdbc-4.2.7.RELEASE.jar(org/springframework/jdbc/core/simple/AbstractJdbcInsert.class)]]
[loading ZipFileIndexFileObject[C:\Users\u001312\.m2\repository\org\springframework\spring-jdbc\4.2.7.RELEASE\spring-jdbc-4.2.7.RELEASE.jar(org/springframework/jdbc/core/simple/SimpleJdbcInsertOperations.class)]]
[loading ZipFileIndexFileObject[C:\Users\u001312\.m2\repository\org\springframework\spring-jdbc\4.2.7.RELEASE\spring-jdbc-4.2.7.RELEASE.jar(org/springframework/jdbc/core/JdbcOperations.class)]]
[loading ZipFileIndexFileObject[C:\Development\apps\Java\jdk1.8.0_25\lib\ct.sym(META-INF/sym/rt.jar/javax/sql/CommonDataSource.class)]]
[loading ZipFileIndexFileObject[C:\Development\apps\Java\jdk1.8.0_25\lib\ct.sym(META-INF/sym/rt.jar/java/sql/Wrapper.class)]]
[loading ZipFileIndexFileObject[C:\Development\apps\Java\jdk1.8.0_25\lib\ct.sym(META-INF/sym/rt.jar/java/util/AbstractMap.class)]]
[loading ZipFileIndexFileObject[C:\Users\u001312\.m2\repository\org\springframework\spring-jdbc\4.2.7.RELEASE\spring-jdbc-4.2.7.RELEASE.jar(org/springframework/jdbc/core/namedparam/SqlParameterSource.class)]]
[loading ZipFileIndexFileObject[C:\Users\u001312\.m2\repository\org\springframework\spring-jdbc\4.2.7.RELEASE\spring-jdbc-4.2.7.RELEASE.jar(org/springframework/jdbc/core/RowCallbackHandler.class)]]
[loading ZipFileIndexFileObject[C:\Users\u001312\.m2\repository\org\springframework\spring-jdbc\4.2.7.RELEASE\spring-jdbc-4.2.7.RELEASE.jar(org/springframework/jdbc/core/namedparam/NamedParameterJdbcOperations.class)]]
[loading ZipFileIndexFileObject[C:\Users\u001312\.m2\repository\org\springframework\spring-tx\4.2.7.RELEASE\spring-tx-4.2.7.RELEASE.jar(org/springframework/dao/IncorrectResultSizeDataAccessException.class)]]
[loading ZipFileIndexFileObject[C:\Users\u001312\.m2\repository\org\springframework\spring-jdbc\4.2.7.RELEASE\spring-jdbc-4.2.7.RELEASE.jar(org/springframework/jdbc/core/namedparam/AbstractSqlParameterSource.class)]]
[loading ZipFileIndexFileObject[C:\Development\apps\Java\jdk1.8.0_25\lib\ct.sym(META-INF/sym/rt.jar/java/lang/StringBuilder.class)]]
[loading ZipFileIndexFileObject[C:\Development\apps\Java\jdk1.8.0_25\lib\ct.sym(META-INF/sym/rt.jar/java/lang/AbstractStringBuilder.class)]]
[loading ZipFileIndexFileObject[C:\Development\apps\Java\jdk1.8.0_25\lib\ct.sym(META-INF/sym/rt.jar/java/lang/StringBuffer.class)]]
[loading ZipFileIndexFileObject[C:\Development\apps\Java\jdk1.8.0_25\lib\ct.sym(META-INF/sym/rt.jar/java/lang/Appendable.class)]]
[wrote RegularFileObject[C:\Development\repos\petclinicfork\spring-petclinic\target\classes\org\springframework\samples\petclinic\repository\jdbc\JdbcOwnerRepositoryImpl.class]]
[checking org.springframework.samples.petclinic.web.VisitController]
[loading ZipFileIndexFileObject[C:\Users\u001312\.m2\repository\org\springframework\spring-context\4.2.7.RELEASE\spring-context-4.2.7.RELEASE.jar(org/springframework/validation/DataBinder.class)]]
[loading ZipFileIndexFileObject[C:\Users\u001312\.m2\repository\org\springframework\spring-beans\4.2.7.RELEASE\spring-beans-4.2.7.RELEASE.jar(org/springframework/beans/PropertyEditorRegistry.class)]]
[loading ZipFileIndexFileObject[C:\Users\u001312\.m2\repository\org\springframework\spring-beans\4.2.7.RELEASE\spring-beans-4.2.7.RELEASE.jar(org/springframework/beans/TypeConverter.class)]]
[wrote RegularFileObject[C:\Development\repos\petclinicfork\spring-petclinic\target\classes\org\springframework\samples\petclinic\web\VisitController.class]]
[checking org.springframework.samples.petclinic.repository.jdbc.JdbcPet]
[wrote RegularFileObject[C:\Development\repos\petclinicfork\spring-petclinic\target\classes\org\springframework\samples\petclinic\repository\jdbc\JdbcPet.class]]
[checking org.springframework.samples.petclinic.web.PetValidator]
[loading ZipFileIndexFileObject[C:\Users\u001312\.m2\repository\joda-time\joda-time\2.8.2\joda-time-2.8.2.jar(org/joda/time/base/BaseLocal.class)]]
[loading ZipFileIndexFileObject[C:\Users\u001312\.m2\repository\joda-time\joda-time\2.8.2\joda-time-2.8.2.jar(org/joda/time/base/AbstractPartial.class)]]
[wrote RegularFileObject[C:\Development\repos\petclinicfork\spring-petclinic\target\classes\org\springframework\samples\petclinic\web\PetValidator.class]]
[checking org.springframework.samples.petclinic.model.Vets]
[wrote RegularFileObject[C:\Development\repos\petclinicfork\spring-petclinic\target\classes\org\springframework\samples\petclinic\model\Vets.class]]
[checking org.springframework.samples.petclinic.PetclinicInitializer]
[loading ZipFileIndexFileObject[C:\Users\u001312\.m2\repository\org\springframework\spring-web\4.2.7.RELEASE\spring-web-4.2.7.RELEASE.jar(org/springframework/web/context/support/AbstractRefreshableWebApplicationContext.class)]]
[loading ZipFileIndexFileObject[C:\Users\u001312\.m2\repository\org\springframework\spring-web\4.2.7.RELEASE\spring-web-4.2.7.RELEASE.jar(org/springframework/web/context/ConfigurableWebApplicationContext.class)]]
[loading ZipFileIndexFileObject[C:\Users\u001312\.m2\repository\org\springframework\spring-context\4.2.7.RELEASE\spring-context-4.2.7.RELEASE.jar(org/springframework/context/ApplicationContext.class)]]
[loading ZipFileIndexFileObject[C:\Users\u001312\.m2\repository\org\springframework\spring-core\4.2.7.RELEASE\spring-core-4.2.7.RELEASE.jar(org/springframework/core/env/EnvironmentCapable.class)]]
[loading ZipFileIndexFileObject[C:\Users\u001312\.m2\repository\org\springframework\spring-beans\4.2.7.RELEASE\spring-beans-4.2.7.RELEASE.jar(org/springframework/beans/factory/ListableBeanFactory.class)]]
[loading ZipFileIndexFileObject[C:\Users\u001312\.m2\repository\org\springframework\spring-beans\4.2.7.RELEASE\spring-beans-4.2.7.RELEASE.jar(org/springframework/beans/factory/BeanFactory.class)]]
[loading ZipFileIndexFileObject[C:\Users\u001312\.m2\repository\org\springframework\spring-beans\4.2.7.RELEASE\spring-beans-4.2.7.RELEASE.jar(org/springframework/beans/factory/HierarchicalBeanFactory.class)]]
[loading ZipFileIndexFileObject[C:\Users\u001312\.m2\repository\org\springframework\spring-context\4.2.7.RELEASE\spring-context-4.2.7.RELEASE.jar(org/springframework/context/MessageSource.class)]]
[loading ZipFileIndexFileObject[C:\Users\u001312\.m2\repository\org\springframework\spring-context\4.2.7.RELEASE\spring-context-4.2.7.RELEASE.jar(org/springframework/context/ApplicationEventPublisher.class)]]
[loading ZipFileIndexFileObject[C:\Users\u001312\.m2\repository\org\springframework\spring-core\4.2.7.RELEASE\spring-core-4.2.7.RELEASE.jar(org/springframework/core/io/support/ResourcePatternResolver.class)]]
[loading ZipFileIndexFileObject[C:\Users\u001312\.m2\repository\org\springframework\spring-core\4.2.7.RELEASE\spring-core-4.2.7.RELEASE.jar(org/springframework/core/io/ResourceLoader.class)]]
[loading ZipFileIndexFileObject[C:\Users\u001312\.m2\repository\org\springframework\spring-context\4.2.7.RELEASE\spring-context-4.2.7.RELEASE.jar(org/springframework/context/ConfigurableApplicationContext.class)]]
[loading ZipFileIndexFileObject[C:\Users\u001312\.m2\repository\org\springframework\spring-context\4.2.7.RELEASE\spring-context-4.2.7.RELEASE.jar(org/springframework/context/Lifecycle.class)]]
[loading ZipFileIndexFileObject[C:\Development\apps\Java\jdk1.8.0_25\lib\ct.sym(META-INF/sym/rt.jar/java/io/Closeable.class)]]
[loading ZipFileIndexFileObject[C:\Users\u001312\.m2\repository\org\springframework\spring-context\4.2.7.RELEASE\spring-context-4.2.7.RELEASE.jar(org/springframework/ui/context/ThemeSource.class)]]
[loading ZipFileIndexFileObject[C:\Users\u001312\.m2\repository\org\springframework\spring-context\4.2.7.RELEASE\spring-context-4.2.7.RELEASE.jar(org/springframework/context/support/AbstractRefreshableConfigApplicationContext.class)]]
[loading ZipFileIndexFileObject[C:\Users\u001312\.m2\repository\org\springframework\spring-beans\4.2.7.RELEASE\spring-beans-4.2.7.RELEASE.jar(org/springframework/beans/factory/BeanNameAware.class)]]
[loading ZipFileIndexFileObject[C:\Users\u001312\.m2\repository\org\springframework\spring-beans\4.2.7.RELEASE\spring-beans-4.2.7.RELEASE.jar(org/springframework/beans/factory/Aware.class)]]
[loading ZipFileIndexFileObject[C:\Users\u001312\.m2\repository\org\springframework\spring-beans\4.2.7.RELEASE\spring-beans-4.2.7.RELEASE.jar(org/springframework/beans/factory/InitializingBean.class)]]
[loading ZipFileIndexFileObject[C:\Users\u001312\.m2\repository\org\springframework\spring-context\4.2.7.RELEASE\spring-context-4.2.7.RELEASE.jar(org/springframework/context/support/AbstractRefreshableApplicationContext.class)]]
[loading ZipFileIndexFileObject[C:\Users\u001312\.m2\repository\org\springframework\spring-context\4.2.7.RELEASE\spring-context-4.2.7.RELEASE.jar(org/springframework/context/support/AbstractApplicationContext.class)]]
[loading ZipFileIndexFileObject[C:\Users\u001312\.m2\repository\org\springframework\spring-beans\4.2.7.RELEASE\spring-beans-4.2.7.RELEASE.jar(org/springframework/beans/factory/DisposableBean.class)]]
[loading ZipFileIndexFileObject[C:\Users\u001312\.m2\repository\org\springframework\spring-core\4.2.7.RELEASE\spring-core-4.2.7.RELEASE.jar(org/springframework/core/io/DefaultResourceLoader.class)]]
[loading ZipFileIndexFileObject[C:\Users\u001312\.m2\repository\org\springframework\spring-core\4.2.7.RELEASE\spring-core-4.2.7.RELEASE.jar(org/springframework/core/env/ConfigurableEnvironment.class)]]
[loading ZipFileIndexFileObject[C:\Users\u001312\.m2\repository\org\springframework\spring-core\4.2.7.RELEASE\spring-core-4.2.7.RELEASE.jar(org/springframework/core/env/Environment.class)]]
[loading ZipFileIndexFileObject[C:\Users\u001312\.m2\repository\org\springframework\spring-core\4.2.7.RELEASE\spring-core-4.2.7.RELEASE.jar(org/springframework/core/env/PropertyResolver.class)]]
[loading ZipFileIndexFileObject[C:\Users\u001312\.m2\repository\org\springframework\spring-core\4.2.7.RELEASE\spring-core-4.2.7.RELEASE.jar(org/springframework/core/env/ConfigurablePropertyResolver.class)]]
[loading ZipFileIndexFileObject[C:\Users\u001312\.m2\repository\org\springframework\spring-web\4.2.7.RELEASE\spring-web-4.2.7.RELEASE.jar(org/springframework/web/filter/OncePerRequestFilter.class)]]
[loading ZipFileIndexFileObject[C:\Users\u001312\.m2\repository\org\springframework\spring-web\4.2.7.RELEASE\spring-web-4.2.7.RELEASE.jar(org/springframework/web/filter/GenericFilterBean.class)]]
[loading ZipFileIndexFileObject[C:\Users\u001312\.m2\repository\org\apache\tomcat\tomcat-servlet-api\7.0.59\tomcat-servlet-api-7.0.59.jar(javax/servlet/DispatcherType.class)]]
[loading ZipFileIndexFileObject[C:\Development\apps\Java\jdk1.8.0_25\lib\ct.sym(META-INF/sym/rt.jar/java/lang/Enum.class)]]
[loading ZipFileIndexFileObject[C:\Users\u001312\.m2\repository\org\apache\tomcat\tomcat-servlet-api\7.0.59\tomcat-servlet-api-7.0.59.jar(javax/servlet/Registration.class)]]
[loading ZipFileIndexFileObject[C:\Users\u001312\.m2\repository\org\apache\tomcat\tomcat-servlet-api\7.0.59\tomcat-servlet-api-7.0.59.jar(javax/servlet/Registration$Dynamic.class)]]
[loading ZipFileIndexFileObject[C:\Users\u001312\.m2\repository\org\apache\tomcat\tomcat-servlet-api\7.0.59\tomcat-servlet-api-7.0.59.jar(javax/servlet/ServletRegistration.class)]]
[loading ZipFileIndexFileObject[C:\Users\u001312\.m2\repository\org\apache\tomcat\tomcat-servlet-api\7.0.59\tomcat-servlet-api-7.0.59.jar(javax/servlet/ServletRegistration$Dynamic.class)]]
[loading ZipFileIndexFileObject[C:\Users\u001312\.m2\repository\org\apache\tomcat\tomcat-servlet-api\7.0.59\tomcat-servlet-api-7.0.59.jar(javax/servlet/http/HttpServlet.class)]]
[loading ZipFileIndexFileObject[C:\Users\u001312\.m2\repository\org\apache\tomcat\tomcat-servlet-api\7.0.59\tomcat-servlet-api-7.0.59.jar(javax/servlet/GenericServlet.class)]]
[loading ZipFileIndexFileObject[C:\Users\u001312\.m2\repository\org\apache\tomcat\tomcat-servlet-api\7.0.59\tomcat-servlet-api-7.0.59.jar(javax/servlet/Servlet.class)]]
[wrote RegularFileObject[C:\Development\repos\petclinicfork\spring-petclinic\target\classes\org\springframework\samples\petclinic\PetclinicInitializer.class]]
[checking org.springframework.samples.petclinic.repository.jdbc.JdbcPetRowMapper]
[loading ZipFileIndexFileObject[C:\Development\apps\Java\jdk1.8.0_25\lib\ct.sym(META-INF/sym/rt.jar/java/sql/Date.class)]]
[loading ZipFileIndexFileObject[C:\Users\u001312\.m2\repository\joda-time\joda-time\2.8.2\joda-time-2.8.2.jar(org/joda/time/Chronology.class)]]
[loading ZipFileIndexFileObject[C:\Users\u001312\.m2\repository\joda-time\joda-time\2.8.2\joda-time-2.8.2.jar(org/joda/time/DateTimeZone.class)]]
[wrote RegularFileObject[C:\Development\repos\petclinicfork\spring-petclinic\target\classes\org\springframework\samples\petclinic\repository\jdbc\JdbcPetRowMapper.class]]
[checking org.springframework.samples.petclinic.repository.springdatajpa.SpringDataVetRepository]
[wrote RegularFileObject[C:\Development\repos\petclinicfork\spring-petclinic\target\classes\org\springframework\samples\petclinic\repository\springdatajpa\SpringDataVetRepository.class]]
[checking org.springframework.samples.petclinic.repository.jdbc.JdbcPetVisitExtractor]
[wrote RegularFileObject[C:\Development\repos\petclinicfork\spring-petclinic\target\classes\org\springframework\samples\petclinic\repository\jdbc\JdbcPetVisitExtractor.class]]
[checking org.springframework.samples.petclinic.util.CallMonitoringAspect]
[loading ZipFileIndexFileObject[C:\Users\u001312\.m2\repository\org\aspectj\aspectjrt\1.8.9\aspectjrt-1.8.9.jar(org/aspectj/lang/JoinPoint.class)]]
[loading ZipFileIndexFileObject[C:\Development\apps\Java\jdk1.8.0_25\lib\ct.sym(META-INF/sym/rt.jar/java/lang/IllegalStateException.class)]]
[wrote RegularFileObject[C:\Development\repos\petclinicfork\spring-petclinic\target\classes\org\springframework\samples\petclinic\util\CallMonitoringAspect.class]]
[checking org.springframework.samples.petclinic.web.OwnerController]
[loading ZipFileIndexFileObject[C:\Users\u001312\.m2\repository\org\springframework\spring-webmvc\4.2.7.RELEASE\spring-webmvc-4.2.7.RELEASE.jar(org/springframework/web/servlet/View.class)]]
[wrote RegularFileObject[C:\Development\repos\petclinicfork\spring-petclinic\target\classes\org\springframework\samples\petclinic\web\OwnerController.class]]
[checking org.springframework.samples.petclinic.web.PetTypeFormatter]
[wrote RegularFileObject[C:\Development\repos\petclinicfork\spring-petclinic\target\classes\org\springframework\samples\petclinic\web\PetTypeFormatter.class]]
[checking org.springframework.samples.petclinic.repository.jdbc.JdbcVetRepositoryImpl]
[loading ZipFileIndexFileObject[C:\Users\u001312\.m2\repository\org\springframework\spring-jdbc\4.2.7.RELEASE\spring-jdbc-4.2.7.RELEASE.jar(org/springframework/jdbc/core/PreparedStatementCreator.class)]]
[loading ZipFileIndexFileObject[C:\Users\u001312\.m2\repository\org\springframework\spring-jdbc\4.2.7.RELEASE\spring-jdbc-4.2.7.RELEASE.jar(org/springframework/jdbc/support/JdbcAccessor.class)]]
[loading ZipFileIndexFileObject[C:\Users\u001312\.m2\repository\org\springframework\spring-jdbc\4.2.7.RELEASE\spring-jdbc-4.2.7.RELEASE.jar(org/springframework/jdbc/core/PreparedStatementSetter.class)]]
[wrote RegularFileObject[C:\Development\repos\petclinicfork\spring-petclinic\target\classes\org\springframework\samples\petclinic\repository\jdbc\JdbcVetRepositoryImpl$1.class]]
[wrote RegularFileObject[C:\Development\repos\petclinicfork\spring-petclinic\target\classes\org\springframework\samples\petclinic\repository\jdbc\JdbcVetRepositoryImpl.class]]
[checking org.springframework.samples.petclinic.repository.springdatajpa.SpringDataVisitRepository]
[wrote RegularFileObject[C:\Development\repos\petclinicfork\spring-petclinic\target\classes\org\springframework\samples\petclinic\repository\springdatajpa\SpringDataVisitRepository.class]]
[checking org.springframework.samples.petclinic.repository.jdbc.JdbcVisitRepositoryImpl]
[loading ZipFileIndexFileObject[C:\Development\apps\Java\jdk1.8.0_25\lib\ct.sym(META-INF/sym/rt.jar/java/lang/UnsupportedOperationException.class)]]
[loading ZipFileIndexFileObject[C:\Users\u001312\.m2\repository\joda-time\joda-time\2.8.2\joda-time-2.8.2.jar(org/joda/time/ReadablePartial.class)]]
[wrote RegularFileObject[C:\Development\repos\petclinicfork\spring-petclinic\target\classes\org\springframework\samples\petclinic\repository\jdbc\JdbcVisitRepositoryImpl.class]]
[checking org.springframework.samples.petclinic.repository.jpa.JpaPetRepositoryImpl]
[wrote RegularFileObject[C:\Development\repos\petclinicfork\spring-petclinic\target\classes\org\springframework\samples\petclinic\repository\jpa\JpaPetRepositoryImpl.class]]
[checking org.springframework.samples.petclinic.repository.jdbc.JdbcVisitRowMapper]
[wrote RegularFileObject[C:\Development\repos\petclinicfork\spring-petclinic\target\classes\org\springframework\samples\petclinic\repository\jdbc\JdbcVisitRowMapper.class]]
[checking org.springframework.samples.petclinic.repository.jpa.JpaOwnerRepositoryImpl]
[loading ZipFileIndexFileObject[C:\Users\u001312\.m2\repository\org\hibernate\javax\persistence\hibernate-jpa-2.1-api\1.0.0.Final\hibernate-jpa-2.1-api-1.0.0.Final.jar(javax/persistence/Parameter.class)]]
[wrote RegularFileObject[C:\Development\repos\petclinicfork\spring-petclinic\target\classes\org\springframework\samples\petclinic\repository\jpa\JpaOwnerRepositoryImpl.class]]
[checking org.springframework.samples.petclinic.web.PetController]
[loading ZipFileIndexFileObject[C:\Development\apps\Java\jdk1.8.0_25\lib\ct.sym(META-INF/sym/rt.jar/java/util/LinkedHashMap.class)]]
[wrote RegularFileObject[C:\Development\repos\petclinicfork\spring-petclinic\target\classes\org\springframework\samples\petclinic\web\PetController.class]]
[checking org.springframework.samples.petclinic.repository.jpa.JpaVisitRepositoryImpl]
[wrote RegularFileObject[C:\Development\repos\petclinicfork\spring-petclinic\target\classes\org\springframework\samples\petclinic\repository\jpa\JpaVisitRepositoryImpl.class]]
[checking org.springframework.samples.petclinic.repository.springdatajpa.SpringDataOwnerRepository]
[wrote RegularFileObject[C:\Development\repos\petclinicfork\spring-petclinic\target\classes\org\springframework\samples\petclinic\repository\springdatajpa\SpringDataOwnerRepository.class]]
[checking org.springframework.samples.petclinic.web.VetController]
[wrote RegularFileObject[C:\Development\repos\petclinicfork\spring-petclinic\target\classes\org\springframework\samples\petclinic\web\VetController.class]]
[checking org.springframework.samples.petclinic.repository.jdbc.JdbcPetRepositoryImpl]
[wrote RegularFileObject[C:\Development\repos\petclinicfork\spring-petclinic\target\classes\org\springframework\samples\petclinic\repository\jdbc\JdbcPetRepositoryImpl.class]]
[checking org.springframework.samples.petclinic.web.CrashController]
[wrote RegularFileObject[C:\Development\repos\petclinicfork\spring-petclinic\target\classes\org\springframework\samples\petclinic\web\CrashController.class]]
[checking org.springframework.samples.petclinic.repository.springdatajpa.SpringDataPetRepository]
[wrote RegularFileObject[C:\Development\repos\petclinicfork\spring-petclinic\target\classes\org\springframework\samples\petclinic\repository\springdatajpa\SpringDataPetRepository.class]]
[total 721ms]
[WARNING] bootstrap class path not set in conjunction with -source 1.7
[INFO] 
[INFO] --- maven-resources-plugin:2.6:testResources (default-testResources) @ spring-petclinic ---
[INFO] Using 'UTF-8' encoding to copy filtered resources.
[INFO] Copying 11 resources
[INFO] Copying 1 resource
[INFO] 
[INFO] --- maven-compiler-plugin:3.0:testCompile (default-testCompile) @ spring-petclinic ---
[INFO] Changes detected - recompiling the module!
[INFO] Compiling 11 source files to C:\Development\repos\petclinicfork\spring-petclinic\target\test-classes
[parsing started RegularFileObject[C:\Development\repos\petclinicfork\spring-petclinic\src\test\java\org\springframework\samples\petclinic\web\CrashControllerTests.java]]
[parsing completed 1ms]
[parsing started RegularFileObject[C:\Development\repos\petclinicfork\spring-petclinic\src\test\java\org\springframework\samples\petclinic\service\AbstractClinicServiceTests.java]]
[parsing completed 1ms]
[parsing started RegularFileObject[C:\Development\repos\petclinicfork\spring-petclinic\src\test\java\org\springframework\samples\petclinic\web\OwnerControllerTests.java]]
[parsing completed 1ms]
[parsing started RegularFileObject[C:\Development\repos\petclinicfork\spring-petclinic\src\test\java\org\springframework\samples\petclinic\service\ClinicServiceJpaTests.java]]
[parsing completed 0ms]
[parsing started RegularFileObject[C:\Development\repos\petclinicfork\spring-petclinic\src\test\java\org\springframework\samples\petclinic\service\ClinicServiceJdbcTests.java]]
[parsing completed 0ms]
[parsing started RegularFileObject[C:\Development\repos\petclinicfork\spring-petclinic\src\test\java\org\springframework\samples\petclinic\model\ValidatorTests.java]]
[parsing completed 1ms]
[parsing started RegularFileObject[C:\Development\repos\petclinicfork\spring-petclinic\src\test\java\org\springframework\samples\petclinic\web\VisitControllerTests.java]]
[parsing completed 0ms]
[parsing started RegularFileObject[C:\Development\repos\petclinicfork\spring-petclinic\src\test\java\org\springframework\samples\petclinic\service\ClinicServiceSpringDataJpaTests.java]]
[parsing completed 0ms]
[parsing started RegularFileObject[C:\Development\repos\petclinicfork\spring-petclinic\src\test\java\org\springframework\samples\petclinic\web\VetControllerTests.java]]
[parsing completed 0ms]
[parsing started RegularFileObject[C:\Development\repos\petclinicfork\spring-petclinic\src\test\java\org\springframework\samples\petclinic\web\PetTypeFormatterTests.java]]
[parsing completed 1ms]
[parsing started RegularFileObject[C:\Development\repos\petclinicfork\spring-petclinic\src\test\java\org\springframework\samples\petclinic\web\PetControllerTests.java]]
[parsing completed 1ms]
[search path for source files: C:\Development\repos\petclinicfork\spring-petclinic\src\test\java]
[search path for class files: C:\Development\apps\Java\jdk1.8.0_25\jre\lib\resources.jar,C:\Development\apps\Java\jdk1.8.0_25\jre\lib\rt.jar,C:\Development\apps\Java\jdk1.8.0_25\jre\lib\sunrsasign.jar,C:\Development\apps\Java\jdk1.8.0_25\jre\lib\jsse.jar,C:\Development\apps\Java\jdk1.8.0_25\jre\lib\jce.jar,C:\Development\apps\Java\jdk1.8.0_25\jre\lib\charsets.jar,C:\Development\apps\Java\jdk1.8.0_25\jre\lib\jfr.jar,C:\Development\apps\Java\jdk1.8.0_25\jre\classes,C:\Development\apps\Java\jdk1.8.0_25\jre\lib\ext\access-bridge-64.jar,C:\Development\apps\Java\jdk1.8.0_25\jre\lib\ext\cldrdata.jar,C:\Development\apps\Java\jdk1.8.0_25\jre\lib\ext\dnsns.jar,C:\Development\apps\Java\jdk1.8.0_25\jre\lib\ext\jaccess.jar,C:\Development\apps\Java\jdk1.8.0_25\jre\lib\ext\jfxrt.jar,C:\Development\apps\Java\jdk1.8.0_25\jre\lib\ext\localedata.jar,C:\Development\apps\Java\jdk1.8.0_25\jre\lib\ext\nashorn.jar,C:\Development\apps\Java\jdk1.8.0_25\jre\lib\ext\sunec.jar,C:\Development\apps\Java\jdk1.8.0_25\jre\lib\ext\sunjce_provider.jar,C:\Development\apps\Java\jdk1.8.0_25\jre\lib\ext\sunmscapi.jar,C:\Development\apps\Java\jdk1.8.0_25\jre\lib\ext\sunpkcs11.jar,C:\Development\apps\Java\jdk1.8.0_25\jre\lib\ext\zipfs.jar,C:\Development\repos\petclinicfork\spring-petclinic\target\test-classes,C:\Development\repos\petclinicfork\spring-petclinic\target\classes,C:\Users\u001312\.m2\repository\org\jadira\usertype\usertype.core\3.2.0.GA\usertype.core-3.2.0.GA.jar,C:\Users\u001312\.m2\repository\org\jadira\usertype\usertype.spi\3.2.0.GA\usertype.spi-3.2.0.GA.jar,C:\Users\u001312\.m2\repository\org\apache\tomcat\tomcat-servlet-api\7.0.59\tomcat-servlet-api-7.0.59.jar,C:\Users\u001312\.m2\repository\javax\servlet\jsp\javax.servlet.jsp-api\2.2.1\javax.servlet.jsp-api-2.2.1.jar,C:\Users\u001312\.m2\repository\org\apache\tomcat\tomcat-jasper-el\7.0.59\tomcat-jasper-el-7.0.59.jar,C:\Users\u001312\.m2\repository\org\apache\tomcat\tomcat-el-api\7.0.59\tomcat-el-api-7.0.59.jar,C:\Users\u001312\.m2\repository\javax\servlet\jsp\jstl\javax.servlet.jsp.jstl-api\1.2.1\javax.servlet.jsp.jstl-api-1.2.1.jar,C:\Users\u001312\.m2\repository\org\apache\taglibs\taglibs-standard-jstlel\1.2.5\taglibs-standard-jstlel-1.2.5.jar,C:\Users\u001312\.m2\repository\org\apache\taglibs\taglibs-standard-spec\1.2.5\taglibs-standard-spec-1.2.5.jar,C:\Users\u001312\.m2\repository\org\apache\taglibs\taglibs-standard-impl\1.2.5\taglibs-standard-impl-1.2.5.jar,C:\Users\u001312\.m2\repository\com\jayway\jsonpath\json-path\2.0.0\json-path-2.0.0.jar,C:\Users\u001312\.m2\repository\net\minidev\json-smart\2.1.1\json-smart-2.1.1.jar,C:\Users\u001312\.m2\repository\net\minidev\asm\1.0.2\asm-1.0.2.jar,C:\Users\u001312\.m2\repository\asm\asm\3.3.1\asm-3.3.1.jar,C:\Users\u001312\.m2\repository\org\springframework\data\spring-data-jpa\1.9.4.RELEASE\spring-data-jpa-1.9.4.RELEASE.jar,C:\Users\u001312\.m2\repository\org\springframework\data\spring-data-commons\1.11.4.RELEASE\spring-data-commons-1.11.4.RELEASE.jar,C:\Users\u001312\.m2\repository\org\springframework\spring-orm\4.2.7.RELEASE\spring-orm-4.2.7.RELEASE.jar,C:\Users\u001312\.m2\repository\org\springframework\spring-context\4.2.7.RELEASE\spring-context-4.2.7.RELEASE.jar,C:\Users\u001312\.m2\repository\org\springframework\spring-aop\4.2.7.RELEASE\spring-aop-4.2.7.RELEASE.jar,C:\Users\u001312\.m2\repository\aopalliance\aopalliance\1.0\aopalliance-1.0.jar,C:\Users\u001312\.m2\repository\org\springframework\spring-tx\4.2.7.RELEASE\spring-tx-4.2.7.RELEASE.jar,C:\Users\u001312\.m2\repository\org\springframework\spring-beans\4.2.7.RELEASE\spring-beans-4.2.7.RELEASE.jar,C:\Users\u001312\.m2\repository\org\springframework\spring-core\4.2.7.RELEASE\spring-core-4.2.7.RELEASE.jar,C:\Users\u001312\.m2\repository\org\slf4j\jcl-over-slf4j\1.7.21\jcl-over-slf4j-1.7.21.jar,C:\Users\u001312\.m2\repository\org\springframework\data\spring-data-jdbc-core\1.1.0.RELEASE\spring-data-jdbc-core-1.1.0.RELEASE.jar,C:\Users\u001312\.m2\repository\org\springframework\retry\spring-retry\1.1.3.RELEASE\spring-retry-1.1.3.RELEASE.jar,C:\Users\u001312\.m2\repository\org\springframework\spring-jdbc\4.2.7.RELEASE\spring-jdbc-4.2.7.RELEASE.jar,C:\Users\u001312\.m2\repository\org\springframework\spring-webmvc\4.2.7.RELEASE\spring-webmvc-4.2.7.RELEASE.jar,C:\Users\u001312\.m2\repository\org\springframework\spring-expression\4.2.7.RELEASE\spring-expression-4.2.7.RELEASE.jar,C:\Users\u001312\.m2\repository\org\springframework\spring-web\4.2.7.RELEASE\spring-web-4.2.7.RELEASE.jar,C:\Users\u001312\.m2\repository\org\springframework\spring-context-support\4.2.7.RELEASE\spring-context-support-4.2.7.RELEASE.jar,C:\Users\u001312\.m2\repository\org\springframework\spring-oxm\4.2.7.RELEASE\spring-oxm-4.2.7.RELEASE.jar,C:\Users\u001312\.m2\repository\org\aspectj\aspectjrt\1.8.9\aspectjrt-1.8.9.jar,C:\Users\u001312\.m2\repository\org\aspectj\aspectjweaver\1.8.9\aspectjweaver-1.8.9.jar,C:\Users\u001312\.m2\repository\org\apache\tomcat\tomcat-jdbc\8.0.36\tomcat-jdbc-8.0.36.jar,C:\Users\u001312\.m2\repository\org\apache\tomcat\tomcat-juli\8.0.36\tomcat-juli-8.0.36.jar,C:\Users\u001312\.m2\repository\org\slf4j\slf4j-api\1.7.21\slf4j-api-1.7.21.jar,C:\Users\u001312\.m2\repository\ch\qos\logback\logback-classic\1.1.7\logback-classic-1.1.7.jar,C:\Users\u001312\.m2\repository\ch\qos\logback\logback-core\1.1.7\logback-core-1.1.7.jar,C:\Users\u001312\.m2\repository\joda-time\joda-time\2.8.2\joda-time-2.8.2.jar,C:\Users\u001312\.m2\repository\joda-time\joda-time-hibernate\1.3\joda-time-hibernate-1.3.jar,C:\Users\u001312\.m2\repository\joda-time\joda-time-jsptags\1.1.1\joda-time-jsptags-1.1.1.jar,C:\Users\u001312\.m2\repository\org\hsqldb\hsqldb\2.3.3\hsqldb-2.3.3.jar,C:\Users\u001312\.m2\repository\org\hibernate\hibernate-entitymanager\4.3.11.Final\hibernate-entitymanager-4.3.11.Final.jar,C:\Users\u001312\.m2\repository\org\jboss\logging\jboss-logging\3.3.0.Final\jboss-logging-3.3.0.Final.jar,C:\Users\u001312\.m2\repository\org\jboss\logging\jboss-logging-annotations\1.2.0.Beta1\jboss-logging-annotations-1.2.0.Beta1.jar,C:\Users\u001312\.m2\repository\org\hibernate\hibernate-core\4.3.11.Final\hibernate-core-4.3.11.Final.jar,C:\Users\u001312\.m2\repository\antlr\antlr\2.7.7\antlr-2.7.7.jar,C:\Users\u001312\.m2\repository\org\jboss\jandex\1.1.0.Final\jandex-1.1.0.Final.jar,C:\Users\u001312\.m2\repository\dom4j\dom4j\1.6.1\dom4j-1.6.1.jar,C:\Users\u001312\.m2\repository\xml-apis\xml-apis\1.0.b2\xml-apis-1.0.b2.jar,C:\Users\u001312\.m2\repository\org\hibernate\common\hibernate-commons-annotations\4.0.5.Final\hibernate-commons-annotations-4.0.5.Final.jar,C:\Users\u001312\.m2\repository\org\hibernate\javax\persistence\hibernate-jpa-2.1-api\1.0.0.Final\hibernate-jpa-2.1-api-1.0.0.Final.jar,C:\Users\u001312\.m2\repository\org\jboss\spec\javax\transaction\jboss-transaction-api_1.2_spec\1.0.0.Final\jboss-transaction-api_1.2_spec-1.0.0.Final.jar,C:\Users\u001312\.m2\repository\org\javassist\javassist\3.18.1-GA\javassist-3.18.1-GA.jar,C:\Users\u001312\.m2\repository\org\hibernate\hibernate-validator\5.2.4.Final\hibernate-validator-5.2.4.Final.jar,C:\Users\u001312\.m2\repository\javax\validation\validation-api\1.1.0.Final\validation-api-1.1.0.Final.jar,C:\Users\u001312\.m2\repository\com\fasterxml\classmate\1.1.0\classmate-1.1.0.jar,C:\Users\u001312\.m2\repository\org\hibernate\hibernate-ehcache\4.3.11.Final\hibernate-ehcache-4.3.11.Final.jar,C:\Users\u001312\.m2\repository\net\sf\ehcache\ehcache-core\2.4.3\ehcache-core-2.4.3.jar,C:\Users\u001312\.m2\repository\net\sf\ehcache\ehcache\2.10.2.2.21\ehcache-2.10.2.2.21.jar,C:\Users\u001312\.m2\repository\org\springframework\spring-test\4.2.7.RELEASE\spring-test-4.2.7.RELEASE.jar,C:\Users\u001312\.m2\repository\junit\junit\4.12\junit-4.12.jar,C:\Users\u001312\.m2\repository\org\hamcrest\hamcrest-core\1.3\hamcrest-core-1.3.jar,C:\Users\u001312\.m2\repository\org\assertj\assertj-core\2.2.0\assertj-core-2.2.0.jar,C:\Users\u001312\.m2\repository\org\mockito\mockito-core\1.10.19\mockito-core-1.10.19.jar,C:\Users\u001312\.m2\repository\org\objenesis\objenesis\2.1\objenesis-2.1.jar,C:\Users\u001312\.m2\repository\org\hamcrest\hamcrest-all\1.3\hamcrest-all-1.3.jar,C:\Users\u001312\.m2\repository\com\github\dandelion\dandelion-jsp\1.1.1\dandelion-jsp-1.1.1.jar,C:\Users\u001312\.m2\repository\com\github\dandelion\dandelion-core\1.1.1\dandelion-core-1.1.1.jar,C:\Users\u001312\.m2\repository\commons-io\commons-io\2.4\commons-io-2.4.jar,C:\Users\u001312\.m2\repository\com\fasterxml\jackson\core\jackson-core\2.6.7\jackson-core-2.6.7.jar,C:\Users\u001312\.m2\repository\com\fasterxml\jackson\core\jackson-annotations\2.6.7\jackson-annotations-2.6.7.jar,C:\Users\u001312\.m2\repository\com\fasterxml\jackson\core\jackson-databind\2.6.7\jackson-databind-2.6.7.jar,C:\Users\u001312\.m2\repository\com\github\dandelion\datatables-jsp\1.1.0\datatables-jsp-1.1.0.jar,C:\Users\u001312\.m2\repository\com\github\dandelion\datatables-core\1.1.0\datatables-core-1.1.0.jar,C:\Users\u001312\.m2\repository\commons-beanutils\commons-beanutils\1.9.2\commons-beanutils-1.9.2.jar,C:\Users\u001312\.m2\repository\commons-collections\commons-collections\3.2.2\commons-collections-3.2.2.jar,C:\Users\u001312\.m2\repository\com\github\dandelion\datatables-export-itext\1.1.0\datatables-export-itext-1.1.0.jar,C:\Users\u001312\.m2\repository\com\itextpdf\itextpdf\5.4.5\itextpdf-5.4.5.jar,C:\Users\u001312\.m2\repository\com\googlecode\json-simple\json-simple\1.1.1\json-simple-1.1.1.jar,C:\Users\u001312\.m2\repository\javax\enterprise\cdi-api\1.0\cdi-api-1.0.jar,C:\Users\u001312\.m2\repository\org\jboss\interceptor\jboss-interceptor-api\1.1\jboss-interceptor-api-1.1.jar,C:\Users\u001312\.m2\repository\javax\annotation\jsr250-api\1.0\jsr250-api-1.0.jar,C:\Users\u001312\.m2\repository\javax\inject\javax.inject\1\javax.inject-1.jar,C:\Users\u001312\.m2\repository\uk\com\robust-it\cloning\1.9.2\cloning-1.9.2.jar,C:\Users\u001312\.m2\repository\org\apache\commons\commons-lang3\3.6\commons-lang3-3.6.jar,C:\Users\u001312\.m2\repository\de\kontext-e\jqassistant\plugin\jqassistant.plugin.findbugs\1.2.0\jqassistant.plugin.findbugs-1.2.0.jar,.]
[loading ZipFileIndexFileObject[C:\Users\u001312\.m2\repository\junit\junit\4.12\junit-4.12.jar(org/junit/Before.class)]]
[loading ZipFileIndexFileObject[C:\Users\u001312\.m2\repository\junit\junit\4.12\junit-4.12.jar(org/junit/Test.class)]]
[loading ZipFileIndexFileObject[C:\Users\u001312\.m2\repository\junit\junit\4.12\junit-4.12.jar(org/junit/runner/RunWith.class)]]
[loading ZipFileIndexFileObject[C:\Users\u001312\.m2\repository\org\springframework\spring-beans\4.2.7.RELEASE\spring-beans-4.2.7.RELEASE.jar(org/springframework/beans/factory/annotation/Autowired.class)]]
[loading ZipFileIndexFileObject[C:\Users\u001312\.m2\repository\org\springframework\spring-test\4.2.7.RELEASE\spring-test-4.2.7.RELEASE.jar(org/springframework/test/context/ActiveProfiles.class)]]
[loading ZipFileIndexFileObject[C:\Users\u001312\.m2\repository\org\springframework\spring-test\4.2.7.RELEASE\spring-test-4.2.7.RELEASE.jar(org/springframework/test/context/ContextConfiguration.class)]]
[loading ZipFileIndexFileObject[C:\Users\u001312\.m2\repository\org\springframework\spring-test\4.2.7.RELEASE\spring-test-4.2.7.RELEASE.jar(org/springframework/test/context/junit4/SpringJUnit4ClassRunner.class)]]
[loading ZipFileIndexFileObject[C:\Users\u001312\.m2\repository\org\springframework\spring-test\4.2.7.RELEASE\spring-test-4.2.7.RELEASE.jar(org/springframework/test/context/web/WebAppConfiguration.class)]]
[loading ZipFileIndexFileObject[C:\Users\u001312\.m2\repository\org\springframework\spring-test\4.2.7.RELEASE\spring-test-4.2.7.RELEASE.jar(org/springframework/test/web/servlet/MockMvc.class)]]
[loading ZipFileIndexFileObject[C:\Users\u001312\.m2\repository\org\springframework\spring-test\4.2.7.RELEASE\spring-test-4.2.7.RELEASE.jar(org/springframework/test/web/servlet/setup/MockMvcBuilders.class)]]
[loading ZipFileIndexFileObject[C:\Users\u001312\.m2\repository\org\springframework\spring-webmvc\4.2.7.RELEASE\spring-webmvc-4.2.7.RELEASE.jar(org/springframework/web/servlet/handler/SimpleMappingExceptionResolver.class)]]
[loading ZipFileIndexFileObject[C:\Users\u001312\.m2\repository\org\springframework\spring-test\4.2.7.RELEASE\spring-test-4.2.7.RELEASE.jar(org/springframework/test/web/servlet/request/MockMvcRequestBuilders.class)]]
[loading ZipFileIndexFileObject[C:\Development\apps\Java\jdk1.8.0_25\lib\ct.sym(META-INF/sym/rt.jar/java/lang/Object.class)]]
[loading ZipFileIndexFileObject[C:\Users\u001312\.m2\repository\org\springframework\spring-test\4.2.7.RELEASE\spring-test-4.2.7.RELEASE.jar(org/springframework/test/web/servlet/result/MockMvcResultMatchers.class)]]
[loading RegularFileObject[C:\Development\repos\petclinicfork\spring-petclinic\target\classes\org\springframework\samples\petclinic\web\CrashController.class]]
[loading ZipFileIndexFileObject[C:\Development\apps\Java\jdk1.8.0_25\lib\ct.sym(META-INF/sym/rt.jar/java/lang/Exception.class)]]
[loading ZipFileIndexFileObject[C:\Users\u001312\.m2\repository\org\assertj\assertj-core\2.2.0\assertj-core-2.2.0.jar(org/assertj/core/api/Assertions.class)]]
[loading ZipFileIndexFileObject[C:\Development\apps\Java\jdk1.8.0_25\lib\ct.sym(META-INF/sym/rt.jar/java/util/Collection.class)]]
[loading ZipFileIndexFileObject[C:\Users\u001312\.m2\repository\joda-time\joda-time\2.8.2\joda-time-2.8.2.jar(org/joda/time/DateTime.class)]]
[loading ZipFileIndexFileObject[C:\Users\u001312\.m2\repository\joda-time\joda-time\2.8.2\joda-time-2.8.2.jar(org/joda/time/LocalDate.class)]]
[loading RegularFileObject[C:\Development\repos\petclinicfork\spring-petclinic\target\classes\org\springframework\samples\petclinic\model\Owner.class]]
[loading RegularFileObject[C:\Development\repos\petclinicfork\spring-petclinic\target\classes\org\springframework\samples\petclinic\model\Pet.class]]
[loading RegularFileObject[C:\Development\repos\petclinicfork\spring-petclinic\target\classes\org\springframework\samples\petclinic\model\PetType.class]]
[loading RegularFileObject[C:\Development\repos\petclinicfork\spring-petclinic\target\classes\org\springframework\samples\petclinic\model\Vet.class]]
[loading RegularFileObject[C:\Development\repos\petclinicfork\spring-petclinic\target\classes\org\springframework\samples\petclinic\model\Visit.class]]
[loading RegularFileObject[C:\Development\repos\petclinicfork\spring-petclinic\target\classes\org\springframework\samples\petclinic\util\EntityUtils.class]]
[loading ZipFileIndexFileObject[C:\Users\u001312\.m2\repository\org\springframework\spring-tx\4.2.7.RELEASE\spring-tx-4.2.7.RELEASE.jar(org/springframework/transaction/annotation/Transactional.class)]]
[loading RegularFileObject[C:\Development\repos\petclinicfork\spring-petclinic\target\classes\org\springframework\samples\petclinic\service\ClinicService.class]]
[loading ZipFileIndexFileObject[C:\Users\u001312\.m2\repository\org\assertj\assertj-core\2.2.0\assertj-core-2.2.0.jar(org/assertj/core/util/Lists.class)]]
[loading ZipFileIndexFileObject[C:\Users\u001312\.m2\repository\org\hamcrest\hamcrest-all\1.3\hamcrest-all-1.3.jar(org/hamcrest/Matchers.class)]]
[loading ZipFileIndexFileObject[C:\Users\u001312\.m2\repository\org\mockito\mockito-core\1.10.19\mockito-core-1.10.19.jar(org/mockito/BDDMockito.class)]]
[loading ZipFileIndexFileObject[C:\Users\u001312\.m2\repository\org\mockito\mockito-core\1.10.19\mockito-core-1.10.19.jar(org/mockito/Mockito.class)]]
[loading ZipFileIndexFileObject[C:\Users\u001312\.m2\repository\org\mockito\mockito-core\1.10.19\mockito-core-1.10.19.jar(org/mockito/Matchers.class)]]
[loading RegularFileObject[C:\Development\repos\petclinicfork\spring-petclinic\target\classes\org\springframework\samples\petclinic\web\OwnerController.class]]
[loading ZipFileIndexFileObject[C:\Development\apps\Java\jdk1.8.0_25\lib\ct.sym(META-INF/sym/rt.jar/java/util/Locale.class)]]
[loading ZipFileIndexFileObject[C:\Development\apps\Java\jdk1.8.0_25\lib\ct.sym(META-INF/sym/rt.jar/java/util/Set.class)]]
[loading ZipFileIndexFileObject[C:\Users\u001312\.m2\repository\javax\validation\validation-api\1.1.0.Final\validation-api-1.1.0.Final.jar(javax/validation/ConstraintViolation.class)]]
[loading ZipFileIndexFileObject[C:\Users\u001312\.m2\repository\javax\validation\validation-api\1.1.0.Final\validation-api-1.1.0.Final.jar(javax/validation/Validator.class)]]
[loading ZipFileIndexFileObject[C:\Users\u001312\.m2\repository\org\springframework\spring-context\4.2.7.RELEASE\spring-context-4.2.7.RELEASE.jar(org/springframework/context/i18n/LocaleContextHolder.class)]]
[loading ZipFileIndexFileObject[C:\Users\u001312\.m2\repository\org\springframework\spring-context\4.2.7.RELEASE\spring-context-4.2.7.RELEASE.jar(org/springframework/validation/beanvalidation/LocalValidatorFactoryBean.class)]]
[loading RegularFileObject[C:\Development\repos\petclinicfork\spring-petclinic\target\classes\org\springframework\samples\petclinic\web\VisitController.class]]
[loading ZipFileIndexFileObject[C:\Users\u001312\.m2\repository\org\springframework\spring-web\4.2.7.RELEASE\spring-web-4.2.7.RELEASE.jar(org/springframework/http/MediaType.class)]]
[loading RegularFileObject[C:\Development\repos\petclinicfork\spring-petclinic\target\classes\org\springframework\samples\petclinic\model\Specialty.class]]
[loading ZipFileIndexFileObject[C:\Users\u001312\.m2\repository\org\springframework\spring-test\4.2.7.RELEASE\spring-test-4.2.7.RELEASE.jar(org/springframework/test/web/servlet/ResultActions.class)]]
[loading ZipFileIndexFileObject[C:\Users\u001312\.m2\repository\org\hamcrest\hamcrest-all\1.3\hamcrest-all-1.3.jar(org/hamcrest/xml/HasXPath.class)]]
[loading ZipFileIndexFileObject[C:\Users\u001312\.m2\repository\org\hamcrest\hamcrest-core\1.3\hamcrest-core-1.3.jar(org/hamcrest/TypeSafeDiagnosingMatcher.class)]]
[loading ZipFileIndexFileObject[C:\Users\u001312\.m2\repository\org\hamcrest\hamcrest-core\1.3\hamcrest-core-1.3.jar(org/hamcrest/BaseMatcher.class)]]
[loading ZipFileIndexFileObject[C:\Users\u001312\.m2\repository\org\hamcrest\hamcrest-core\1.3\hamcrest-core-1.3.jar(org/hamcrest/Matcher.class)]]
[loading ZipFileIndexFileObject[C:\Users\u001312\.m2\repository\org\hamcrest\hamcrest-core\1.3\hamcrest-core-1.3.jar(org/hamcrest/SelfDescribing.class)]]
[loading RegularFileObject[C:\Development\repos\petclinicfork\spring-petclinic\target\classes\org\springframework\samples\petclinic\web\VetController.class]]
[loading ZipFileIndexFileObject[C:\Users\u001312\.m2\repository\org\mockito\mockito-core\1.10.19\mockito-core-1.10.19.jar(org/mockito/Mock.class)]]
[loading ZipFileIndexFileObject[C:\Users\u001312\.m2\repository\org\mockito\mockito-core\1.10.19\mockito-core-1.10.19.jar(org/mockito/runners/MockitoJUnitRunner.class)]]
[loading ZipFileIndexFileObject[C:\Development\apps\Java\jdk1.8.0_25\lib\ct.sym(META-INF/sym/rt.jar/java/text/ParseException.class)]]
[loading ZipFileIndexFileObject[C:\Users\u001312\.m2\repository\junit\junit\4.12\junit-4.12.jar(org/junit/Assert.class)]]
[loading RegularFileObject[C:\Development\repos\petclinicfork\spring-petclinic\target\classes\org\springframework\samples\petclinic\web\PetTypeFormatter.class]]
[loading ZipFileIndexFileObject[C:\Users\u001312\.m2\repository\org\springframework\spring-context\4.2.7.RELEASE\spring-context-4.2.7.RELEASE.jar(org/springframework/format/support/FormattingConversionServiceFactoryBean.class)]]
[loading RegularFileObject[C:\Development\repos\petclinicfork\spring-petclinic\target\classes\org\springframework\samples\petclinic\web\PetController.class]]
[loading ZipFileIndexFileObject[C:\Development\apps\Java\jdk1.8.0_25\lib\ct.sym(META-INF/sym/rt.jar/java/lang/annotation/Retention.class)]]
[loading ZipFileIndexFileObject[C:\Development\apps\Java\jdk1.8.0_25\lib\ct.sym(META-INF/sym/rt.jar/java/lang/annotation/RetentionPolicy.class)]]
[loading ZipFileIndexFileObject[C:\Development\apps\Java\jdk1.8.0_25\lib\ct.sym(META-INF/sym/rt.jar/java/lang/annotation/Target.class)]]
[loading ZipFileIndexFileObject[C:\Development\apps\Java\jdk1.8.0_25\lib\ct.sym(META-INF/sym/rt.jar/java/lang/annotation/ElementType.class)]]
[loading ZipFileIndexFileObject[C:\Users\u001312\.m2\repository\org\springframework\spring-core\4.2.7.RELEASE\spring-core-4.2.7.RELEASE.jar(org/springframework/core/annotation/AliasFor.class)]]
[loading ZipFileIndexFileObject[C:\Users\u001312\.m2\repository\org\springframework\spring-test\4.2.7.RELEASE\spring-test-4.2.7.RELEASE.jar(org/springframework/test/context/BootstrapWith.class)]]
[loading ZipFileIndexFileObject[C:\Development\apps\Java\jdk1.8.0_25\lib\ct.sym(META-INF/sym/rt.jar/java/lang/annotation/Annotation.class)]]
[loading ZipFileIndexFileObject[C:\Development\apps\Java\jdk1.8.0_25\lib\ct.sym(META-INF/sym/rt.jar/java/lang/Class.class)]]
[loading ZipFileIndexFileObject[C:\Users\u001312\.m2\repository\junit\junit\4.12\junit-4.12.jar(org/junit/runners/BlockJUnit4ClassRunner.class)]]
[loading ZipFileIndexFileObject[C:\Users\u001312\.m2\repository\junit\junit\4.12\junit-4.12.jar(org/junit/runners/ParentRunner.class)]]
[loading ZipFileIndexFileObject[C:\Development\apps\Java\jdk1.8.0_25\lib\ct.sym(META-INF/sym/rt.jar/java/lang/String.class)]]
[loading ZipFileIndexFileObject[C:\Users\u001312\.m2\repository\org\springframework\spring-web\4.2.7.RELEASE\spring-web-4.2.7.RELEASE.jar(org/springframework/web/bind/annotation/RequestMapping.class)]]
[loading ZipFileIndexFileObject[C:\Users\u001312\.m2\repository\org\springframework\spring-web\4.2.7.RELEASE\spring-web-4.2.7.RELEASE.jar(org/springframework/web/bind/annotation/RequestMethod.class)]]
[loading ZipFileIndexFileObject[C:\Users\u001312\.m2\repository\org\hibernate\javax\persistence\hibernate-jpa-2.1-api\1.0.0.Final\hibernate-jpa-2.1-api-1.0.0.Final.jar(javax/persistence/Table.class)]]
[loading ZipFileIndexFileObject[C:\Users\u001312\.m2\repository\org\hibernate\javax\persistence\hibernate-jpa-2.1-api\1.0.0.Final\hibernate-jpa-2.1-api-1.0.0.Final.jar(javax/persistence/Column.class)]]
[loading ZipFileIndexFileObject[C:\Users\u001312\.m2\repository\javax\validation\validation-api\1.1.0.Final\validation-api-1.1.0.Final.jar(javax/validation/constraints/Digits.class)]]
[loading ZipFileIndexFileObject[C:\Users\u001312\.m2\repository\org\hibernate\javax\persistence\hibernate-jpa-2.1-api\1.0.0.Final\hibernate-jpa-2.1-api-1.0.0.Final.jar(javax/persistence/OneToMany.class)]]
[loading ZipFileIndexFileObject[C:\Users\u001312\.m2\repository\org\hibernate\javax\persistence\hibernate-jpa-2.1-api\1.0.0.Final\hibernate-jpa-2.1-api-1.0.0.Final.jar(javax/persistence/CascadeType.class)]]
[loading ZipFileIndexFileObject[C:\Users\u001312\.m2\repository\org\hibernate\javax\persistence\hibernate-jpa-2.1-api\1.0.0.Final\hibernate-jpa-2.1-api-1.0.0.Final.jar(javax/persistence/FetchType.class)]]
[loading ZipFileIndexFileObject[C:\Users\u001312\.m2\repository\org\hibernate\hibernate-core\4.3.11.Final\hibernate-core-4.3.11.Final.jar(org/hibernate/annotations/Type.class)]]
[loading ZipFileIndexFileObject[C:\Users\u001312\.m2\repository\org\springframework\spring-context\4.2.7.RELEASE\spring-context-4.2.7.RELEASE.jar(org/springframework/format/annotation/DateTimeFormat.class)]]
[loading ZipFileIndexFileObject[C:\Users\u001312\.m2\repository\org\hibernate\javax\persistence\hibernate-jpa-2.1-api\1.0.0.Final\hibernate-jpa-2.1-api-1.0.0.Final.jar(javax/persistence/JoinColumn.class)]]
[loading ZipFileIndexFileObject[C:\Users\u001312\.m2\repository\org\hibernate\javax\persistence\hibernate-jpa-2.1-api\1.0.0.Final\hibernate-jpa-2.1-api-1.0.0.Final.jar(javax/persistence/ManyToMany.class)]]
[loading ZipFileIndexFileObject[C:\Users\u001312\.m2\repository\org\hibernate\javax\persistence\hibernate-jpa-2.1-api\1.0.0.Final\hibernate-jpa-2.1-api-1.0.0.Final.jar(javax/persistence/JoinTable.class)]]
[loading ZipFileIndexFileObject[C:\Users\u001312\.m2\repository\org\springframework\spring-tx\4.2.7.RELEASE\spring-tx-4.2.7.RELEASE.jar(org/springframework/transaction/annotation/Propagation.class)]]
[loading ZipFileIndexFileObject[C:\Users\u001312\.m2\repository\org\springframework\spring-tx\4.2.7.RELEASE\spring-tx-4.2.7.RELEASE.jar(org/springframework/transaction/annotation/Isolation.class)]]
[loading ZipFileIndexFileObject[C:\Users\u001312\.m2\repository\org\springframework\spring-web\4.2.7.RELEASE\spring-web-4.2.7.RELEASE.jar(org/springframework/web/bind/annotation/PathVariable.class)]]
[loading ZipFileIndexFileObject[C:\Users\u001312\.m2\repository\org\springframework\spring-web\4.2.7.RELEASE\spring-web-4.2.7.RELEASE.jar(org/springframework/web/bind/annotation/ModelAttribute.class)]]
[loading ZipFileIndexFileObject[C:\Users\u001312\.m2\repository\org\mockito\mockito-core\1.10.19\mockito-core-1.10.19.jar(org/mockito/Answers.class)]]
[loading ZipFileIndexFileObject[C:\Users\u001312\.m2\repository\org\springframework\spring-web\4.2.7.RELEASE\spring-web-4.2.7.RELEASE.jar(org/springframework/web/bind/annotation/InitBinder.class)]]
[loading ZipFileIndexFileObject[C:\Users\u001312\.m2\repository\javax\validation\validation-api\1.1.0.Final\validation-api-1.1.0.Final.jar(javax/validation/Constraint.class)]]
[loading ZipFileIndexFileObject[C:\Users\u001312\.m2\repository\org\springframework\spring-context\4.2.7.RELEASE\spring-context-4.2.7.RELEASE.jar(org/springframework/format/annotation/DateTimeFormat$ISO.class)]]
[loading ZipFileIndexFileObject[C:\Users\u001312\.m2\repository\org\hibernate\javax\persistence\hibernate-jpa-2.1-api\1.0.0.Final\hibernate-jpa-2.1-api-1.0.0.Final.jar(javax/persistence/ForeignKey.class)]]
[loading ZipFileIndexFileObject[C:\Users\u001312\.m2\repository\org\hibernate\javax\persistence\hibernate-jpa-2.1-api\1.0.0.Final\hibernate-jpa-2.1-api-1.0.0.Final.jar(javax/persistence/ConstraintMode.class)]]
[checking org.springframework.samples.petclinic.web.CrashControllerTests]
[loading ZipFileIndexFileObject[C:\Development\apps\Java\jdk1.8.0_25\lib\ct.sym(META-INF/sym/rt.jar/java/io/Serializable.class)]]
[loading ZipFileIndexFileObject[C:\Development\apps\Java\jdk1.8.0_25\lib\ct.sym(META-INF/sym/rt.jar/java/lang/AutoCloseable.class)]]
[loading ZipFileIndexFileObject[C:\Users\u001312\.m2\repository\org\springframework\spring-test\4.2.7.RELEASE\spring-test-4.2.7.RELEASE.jar(org/springframework/test/web/servlet/setup/StandaloneMockMvcBuilder.class)]]
[loading ZipFileIndexFileObject[C:\Users\u001312\.m2\repository\org\springframework\spring-webmvc\4.2.7.RELEASE\spring-webmvc-4.2.7.RELEASE.jar(org/springframework/web/servlet/handler/AbstractHandlerExceptionResolver.class)]]
[loading ZipFileIndexFileObject[C:\Users\u001312\.m2\repository\org\springframework\spring-webmvc\4.2.7.RELEASE\spring-webmvc-4.2.7.RELEASE.jar(org/springframework/web/servlet/HandlerExceptionResolver.class)]]
[loading ZipFileIndexFileObject[C:\Development\apps\Java\jdk1.8.0_25\lib\ct.sym(META-INF/sym/rt.jar/java/util/List.class)]]
[loading ZipFileIndexFileObject[C:\Users\u001312\.m2\repository\org\springframework\spring-core\4.2.7.RELEASE\spring-core-4.2.7.RELEASE.jar(org/springframework/core/Ordered.class)]]
[loading ZipFileIndexFileObject[C:\Users\u001312\.m2\repository\org\springframework\spring-test\4.2.7.RELEASE\spring-test-4.2.7.RELEASE.jar(org/springframework/test/web/servlet/setup/AbstractMockMvcBuilder.class)]]
[loading ZipFileIndexFileObject[C:\Users\u001312\.m2\repository\org\springframework\spring-test\4.2.7.RELEASE\spring-test-4.2.7.RELEASE.jar(org/springframework/test/web/servlet/setup/ConfigurableMockMvcBuilder.class)]]
[loading ZipFileIndexFileObject[C:\Users\u001312\.m2\repository\org\springframework\spring-test\4.2.7.RELEASE\spring-test-4.2.7.RELEASE.jar(org/springframework/test/web/servlet/MockMvcBuilder.class)]]
[loading ZipFileIndexFileObject[C:\Users\u001312\.m2\repository\org\springframework\spring-test\4.2.7.RELEASE\spring-test-4.2.7.RELEASE.jar(org/springframework/test/web/servlet/MockMvcBuilderSupport.class)]]
[loading ZipFileIndexFileObject[C:\Development\apps\Java\jdk1.8.0_25\lib\ct.sym(META-INF/sym/rt.jar/java/lang/Throwable.class)]]
[loading ZipFileIndexFileObject[C:\Users\u001312\.m2\repository\org\springframework\spring-test\4.2.7.RELEASE\spring-test-4.2.7.RELEASE.jar(org/springframework/test/web/servlet/result/StatusResultMatchers.class)]]
[loading ZipFileIndexFileObject[C:\Users\u001312\.m2\repository\org\springframework\spring-test\4.2.7.RELEASE\spring-test-4.2.7.RELEASE.jar(org/springframework/test/web/servlet/ResultMatcher.class)]]
[loading ZipFileIndexFileObject[C:\Users\u001312\.m2\repository\org\springframework\spring-test\4.2.7.RELEASE\spring-test-4.2.7.RELEASE.jar(org/springframework/test/web/servlet/result/ModelResultMatchers.class)]]
[loading ZipFileIndexFileObject[C:\Users\u001312\.m2\repository\org\springframework\spring-test\4.2.7.RELEASE\spring-test-4.2.7.RELEASE.jar(org/springframework/test/web/servlet/result/ViewResultMatchers.class)]]
[loading ZipFileIndexFileObject[C:\Development\apps\Java\jdk1.8.0_25\lib\ct.sym(META-INF/sym/rt.jar/java/lang/Comparable.class)]]
[loading ZipFileIndexFileObject[C:\Development\apps\Java\jdk1.8.0_25\lib\ct.sym(META-INF/sym/rt.jar/java/lang/CharSequence.class)]]
[loading ZipFileIndexFileObject[C:\Development\apps\Java\jdk1.8.0_25\lib\ct.sym(META-INF/sym/rt.jar/java/net/URI.class)]]
[loading ZipFileIndexFileObject[C:\Users\u001312\.m2\repository\org\springframework\spring-test\4.2.7.RELEASE\spring-test-4.2.7.RELEASE.jar(org/springframework/test/web/servlet/request/MockHttpServletRequestBuilder.class)]]
[loading ZipFileIndexFileObject[C:\Users\u001312\.m2\repository\org\springframework\spring-test\4.2.7.RELEASE\spring-test-4.2.7.RELEASE.jar(org/springframework/test/web/servlet/RequestBuilder.class)]]
[loading ZipFileIndexFileObject[C:\Users\u001312\.m2\repository\org\springframework\spring-test\4.2.7.RELEASE\spring-test-4.2.7.RELEASE.jar(org/springframework/test/web/servlet/request/ConfigurableSmartRequestBuilder.class)]]
[loading ZipFileIndexFileObject[C:\Users\u001312\.m2\repository\org\springframework\spring-test\4.2.7.RELEASE\spring-test-4.2.7.RELEASE.jar(org/springframework/test/web/servlet/SmartRequestBuilder.class)]]
[loading ZipFileIndexFileObject[C:\Development\apps\Java\jdk1.8.0_25\lib\ct.sym(META-INF/sym/rt.jar/java/lang/Error.class)]]
[loading ZipFileIndexFileObject[C:\Development\apps\Java\jdk1.8.0_25\lib\ct.sym(META-INF/sym/rt.jar/java/lang/RuntimeException.class)]]
[wrote RegularFileObject[C:\Development\repos\petclinicfork\spring-petclinic\target\test-classes\org\springframework\samples\petclinic\web\CrashControllerTests.class]]
[checking org.springframework.samples.petclinic.service.AbstractClinicServiceTests]
[loading ZipFileIndexFileObject[C:\Development\apps\Java\jdk1.8.0_25\lib\ct.sym(META-INF/sym/rt.jar/java/lang/Iterable.class)]]
[loading ZipFileIndexFileObject[C:\Development\apps\Java\jdk1.8.0_25\lib\ct.sym(META-INF/sym/rt.jar/java/math/BigDecimal.class)]]
[loading ZipFileIndexFileObject[C:\Development\apps\Java\jdk1.8.0_25\lib\ct.sym(META-INF/sym/rt.jar/java/net/URL.class)]]
[loading ZipFileIndexFileObject[C:\Development\apps\Java\jdk1.8.0_25\lib\ct.sym(META-INF/sym/rt.jar/java/lang/Boolean.class)]]
[loading ZipFileIndexFileObject[C:\Development\apps\Java\jdk1.8.0_25\lib\ct.sym(META-INF/sym/rt.jar/java/lang/Byte.class)]]
[loading ZipFileIndexFileObject[C:\Development\apps\Java\jdk1.8.0_25\lib\ct.sym(META-INF/sym/rt.jar/java/lang/Character.class)]]
[loading ZipFileIndexFileObject[C:\Users\u001312\.m2\repository\org\assertj\assertj-core\2.2.0\assertj-core-2.2.0.jar(org/assertj/core/api/AbstractComparableAssert.class)]]
[loading ZipFileIndexFileObject[C:\Users\u001312\.m2\repository\org\assertj\assertj-core\2.2.0\assertj-core-2.2.0.jar(org/assertj/core/api/AbstractIterableAssert.class)]]
[loading ZipFileIndexFileObject[C:\Development\apps\Java\jdk1.8.0_25\lib\ct.sym(META-INF/sym/rt.jar/java/util/Iterator.class)]]
[loading ZipFileIndexFileObject[C:\Development\apps\Java\jdk1.8.0_25\lib\ct.sym(META-INF/sym/rt.jar/java/lang/Double.class)]]
[loading ZipFileIndexFileObject[C:\Development\apps\Java\jdk1.8.0_25\lib\ct.sym(META-INF/sym/rt.jar/java/io/File.class)]]
[loading ZipFileIndexFileObject[C:\Development\apps\Java\jdk1.8.0_25\lib\ct.sym(META-INF/sym/rt.jar/java/nio/file/Path.class)]]
[loading ZipFileIndexFileObject[C:\Development\apps\Java\jdk1.8.0_25\lib\ct.sym(META-INF/sym/rt.jar/java/io/InputStream.class)]]
[loading ZipFileIndexFileObject[C:\Development\apps\Java\jdk1.8.0_25\lib\ct.sym(META-INF/sym/rt.jar/java/lang/Float.class)]]
[loading ZipFileIndexFileObject[C:\Development\apps\Java\jdk1.8.0_25\lib\ct.sym(META-INF/sym/rt.jar/java/lang/Integer.class)]]
[loading ZipFileIndexFileObject[C:\Users\u001312\.m2\repository\org\assertj\assertj-core\2.2.0\assertj-core-2.2.0.jar(org/assertj/core/api/AbstractListAssert.class)]]
[loading ZipFileIndexFileObject[C:\Development\apps\Java\jdk1.8.0_25\lib\ct.sym(META-INF/sym/rt.jar/java/lang/Long.class)]]
[loading ZipFileIndexFileObject[C:\Users\u001312\.m2\repository\org\assertj\assertj-core\2.2.0\assertj-core-2.2.0.jar(org/assertj/core/api/AbstractObjectAssert.class)]]
[loading ZipFileIndexFileObject[C:\Users\u001312\.m2\repository\org\assertj\assertj-core\2.2.0\assertj-core-2.2.0.jar(org/assertj/core/api/AssertDelegateTarget.class)]]
[loading ZipFileIndexFileObject[C:\Users\u001312\.m2\repository\org\assertj\assertj-core\2.2.0\assertj-core-2.2.0.jar(org/assertj/core/api/AssertProvider.class)]]
[loading ZipFileIndexFileObject[C:\Users\u001312\.m2\repository\org\assertj\assertj-core\2.2.0\assertj-core-2.2.0.jar(org/assertj/core/api/AbstractObjectArrayAssert.class)]]
[loading ZipFileIndexFileObject[C:\Development\apps\Java\jdk1.8.0_25\lib\ct.sym(META-INF/sym/rt.jar/java/util/Map.class)]]
[loading ZipFileIndexFileObject[C:\Users\u001312\.m2\repository\org\assertj\assertj-core\2.2.0\assertj-core-2.2.0.jar(org/assertj/core/api/MapAssert.class)]]
[loading ZipFileIndexFileObject[C:\Development\apps\Java\jdk1.8.0_25\lib\ct.sym(META-INF/sym/rt.jar/java/lang/Short.class)]]
[loading ZipFileIndexFileObject[C:\Development\apps\Java\jdk1.8.0_25\lib\ct.sym(META-INF/sym/rt.jar/java/util/Date.class)]]
[loading ZipFileIndexFileObject[C:\Users\u001312\.m2\repository\org\assertj\assertj-core\2.2.0\assertj-core-2.2.0.jar(org/assertj/core/api/AbstractIntegerAssert.class)]]
[loading ZipFileIndexFileObject[C:\Users\u001312\.m2\repository\org\assertj\assertj-core\2.2.0\assertj-core-2.2.0.jar(org/assertj/core/api/AbstractAssert.class)]]
[loading ZipFileIndexFileObject[C:\Users\u001312\.m2\repository\org\assertj\assertj-core\2.2.0\assertj-core-2.2.0.jar(org/assertj/core/api/NumberAssert.class)]]
[loading ZipFileIndexFileObject[C:\Users\u001312\.m2\repository\org\assertj\assertj-core\2.2.0\assertj-core-2.2.0.jar(org/assertj/core/api/ComparableAssert.class)]]
[loading ZipFileIndexFileObject[C:\Users\u001312\.m2\repository\org\assertj\assertj-core\2.2.0\assertj-core-2.2.0.jar(org/assertj/core/api/Assert.class)]]
[loading ZipFileIndexFileObject[C:\Users\u001312\.m2\repository\org\assertj\assertj-core\2.2.0\assertj-core-2.2.0.jar(org/assertj/core/api/Descriptable.class)]]
[loading ZipFileIndexFileObject[C:\Users\u001312\.m2\repository\org\assertj\assertj-core\2.2.0\assertj-core-2.2.0.jar(org/assertj/core/api/ExtensionPoints.class)]]
[loading ZipFileIndexFileObject[C:\Users\u001312\.m2\repository\org\assertj\assertj-core\2.2.0\assertj-core-2.2.0.jar(org/assertj/core/api/AbstractBooleanAssert.class)]]
[loading RegularFileObject[C:\Development\repos\petclinicfork\spring-petclinic\target\classes\org\springframework\samples\petclinic\model\Person.class]]
[loading RegularFileObject[C:\Development\repos\petclinicfork\spring-petclinic\target\classes\org\springframework\samples\petclinic\model\BaseEntity.class]]
[loading ZipFileIndexFileObject[C:\Users\u001312\.m2\repository\org\hibernate\javax\persistence\hibernate-jpa-2.1-api\1.0.0.Final\hibernate-jpa-2.1-api-1.0.0.Final.jar(javax/persistence/GeneratedValue.class)]]
[loading ZipFileIndexFileObject[C:\Users\u001312\.m2\repository\org\hibernate\javax\persistence\hibernate-jpa-2.1-api\1.0.0.Final\hibernate-jpa-2.1-api-1.0.0.Final.jar(javax/persistence/GenerationType.class)]]
[loading ZipFileIndexFileObject[C:\Users\u001312\.m2\repository\org\assertj\assertj-core\2.2.0\assertj-core-2.2.0.jar(org/assertj/core/api/AbstractCharSequenceAssert.class)]]
[loading ZipFileIndexFileObject[C:\Users\u001312\.m2\repository\org\assertj\assertj-core\2.2.0\assertj-core-2.2.0.jar(org/assertj/core/api/EnumerableAssert.class)]]
[loading RegularFileObject[C:\Development\repos\petclinicfork\spring-petclinic\target\classes\org\springframework\samples\petclinic\model\NamedEntity.class]]
[loading ZipFileIndexFileObject[C:\Development\apps\Java\jdk1.8.0_25\lib\ct.sym(META-INF/sym/rt.jar/java/lang/Number.class)]]
[loading ZipFileIndexFileObject[C:\Users\u001312\.m2\repository\org\assertj\assertj-core\2.2.0\assertj-core-2.2.0.jar(org/assertj/core/api/AbstractLongAssert.class)]]
[loading ZipFileIndexFileObject[C:\Users\u001312\.m2\repository\org\springframework\spring-orm\4.2.7.RELEASE\spring-orm-4.2.7.RELEASE.jar(org/springframework/orm/ObjectRetrievalFailureException.class)]]
[loading ZipFileIndexFileObject[C:\Users\u001312\.m2\repository\joda-time\joda-time\2.8.2\joda-time-2.8.2.jar(org/joda/time/base/BaseLocal.class)]]
[loading ZipFileIndexFileObject[C:\Users\u001312\.m2\repository\joda-time\joda-time\2.8.2\joda-time-2.8.2.jar(org/joda/time/base/AbstractPartial.class)]]
[loading ZipFileIndexFileObject[C:\Users\u001312\.m2\repository\joda-time\joda-time\2.8.2\joda-time-2.8.2.jar(org/joda/time/ReadablePartial.class)]]
[loading ZipFileIndexFileObject[C:\Users\u001312\.m2\repository\org\springframework\spring-tx\4.2.7.RELEASE\spring-tx-4.2.7.RELEASE.jar(org/springframework/dao/DataAccessException.class)]]
[loading ZipFileIndexFileObject[C:\Users\u001312\.m2\repository\org\springframework\spring-core\4.2.7.RELEASE\spring-core-4.2.7.RELEASE.jar(org/springframework/core/NestedRuntimeException.class)]]
[loading ZipFileIndexFileObject[C:\Users\u001312\.m2\repository\org\springframework\spring-tx\4.2.7.RELEASE\spring-tx-4.2.7.RELEASE.jar(org/springframework/dao/DataRetrievalFailureException.class)]]
[loading ZipFileIndexFileObject[C:\Users\u001312\.m2\repository\org\springframework\spring-tx\4.2.7.RELEASE\spring-tx-4.2.7.RELEASE.jar(org/springframework/dao/NonTransientDataAccessException.class)]]
[loading ZipFileIndexFileObject[C:\Development\apps\Java\jdk1.8.0_25\lib\ct.sym(META-INF/sym/rt.jar/java/lang/StringBuilder.class)]]
[loading ZipFileIndexFileObject[C:\Development\apps\Java\jdk1.8.0_25\lib\ct.sym(META-INF/sym/rt.jar/java/lang/AbstractStringBuilder.class)]]
[loading ZipFileIndexFileObject[C:\Development\apps\Java\jdk1.8.0_25\lib\ct.sym(META-INF/sym/rt.jar/java/lang/StringBuffer.class)]]
[loading ZipFileIndexFileObject[C:\Development\apps\Java\jdk1.8.0_25\lib\ct.sym(META-INF/sym/rt.jar/java/lang/Appendable.class)]]
[wrote RegularFileObject[C:\Development\repos\petclinicfork\spring-petclinic\target\test-classes\org\springframework\samples\petclinic\service\AbstractClinicServiceTests.class]]
[checking org.springframework.samples.petclinic.web.OwnerControllerTests]
[loading ZipFileIndexFileObject[C:\Users\u001312\.m2\repository\org\mockito\mockito-core\1.10.19\mockito-core-1.10.19.jar(org/mockito/BDDMockito$BDDMyOngoingStubbing.class)]]
[loading ZipFileIndexFileObject[C:\Users\u001312\.m2\repository\org\springframework\spring-beans\4.2.7.RELEASE\spring-beans-4.2.7.RELEASE.jar(org/springframework/beans/Mergeable.class)]]
[loading ZipFileIndexFileObject[C:\Development\apps\Java\jdk1.8.0_25\lib\ct.sym(META-INF/sym/rt.jar/java/util/ArrayList.class)]]
[loading ZipFileIndexFileObject[C:\Development\apps\Java\jdk1.8.0_25\lib\ct.sym(META-INF/sym/rt.jar/java/util/AbstractList.class)]]
[loading ZipFileIndexFileObject[C:\Development\apps\Java\jdk1.8.0_25\lib\ct.sym(META-INF/sym/rt.jar/java/util/AbstractCollection.class)]]
[loading ZipFileIndexFileObject[C:\Development\apps\Java\jdk1.8.0_25\lib\ct.sym(META-INF/sym/rt.jar/java/lang/Void.class)]]
[wrote RegularFileObject[C:\Development\repos\petclinicfork\spring-petclinic\target\test-classes\org\springframework\samples\petclinic\web\OwnerControllerTests.class]]
[checking org.springframework.samples.petclinic.service.ClinicServiceJpaTests]
[wrote RegularFileObject[C:\Development\repos\petclinicfork\spring-petclinic\target\test-classes\org\springframework\samples\petclinic\service\ClinicServiceJpaTests.class]]
[checking org.springframework.samples.petclinic.service.ClinicServiceJdbcTests]
[wrote RegularFileObject[C:\Development\repos\petclinicfork\spring-petclinic\target\test-classes\org\springframework\samples\petclinic\service\ClinicServiceJdbcTests.class]]
[checking org.springframework.samples.petclinic.model.ValidatorTests]
[loading ZipFileIndexFileObject[C:\Users\u001312\.m2\repository\org\springframework\spring-context\4.2.7.RELEASE\spring-context-4.2.7.RELEASE.jar(org/springframework/validation/beanvalidation/SpringValidatorAdapter.class)]]
[loading ZipFileIndexFileObject[C:\Users\u001312\.m2\repository\javax\validation\validation-api\1.1.0.Final\validation-api-1.1.0.Final.jar(javax/validation/ValidatorFactory.class)]]
[loading ZipFileIndexFileObject[C:\Users\u001312\.m2\repository\org\springframework\spring-context\4.2.7.RELEASE\spring-context-4.2.7.RELEASE.jar(org/springframework/context/ApplicationContextAware.class)]]
[loading ZipFileIndexFileObject[C:\Users\u001312\.m2\repository\org\springframework\spring-beans\4.2.7.RELEASE\spring-beans-4.2.7.RELEASE.jar(org/springframework/beans/factory/Aware.class)]]
[loading ZipFileIndexFileObject[C:\Users\u001312\.m2\repository\org\springframework\spring-beans\4.2.7.RELEASE\spring-beans-4.2.7.RELEASE.jar(org/springframework/beans/factory/InitializingBean.class)]]
[loading ZipFileIndexFileObject[C:\Users\u001312\.m2\repository\org\springframework\spring-beans\4.2.7.RELEASE\spring-beans-4.2.7.RELEASE.jar(org/springframework/beans/factory/DisposableBean.class)]]
[loading ZipFileIndexFileObject[C:\Users\u001312\.m2\repository\org\springframework\spring-context\4.2.7.RELEASE\spring-context-4.2.7.RELEASE.jar(org/springframework/validation/SmartValidator.class)]]
[loading ZipFileIndexFileObject[C:\Users\u001312\.m2\repository\org\springframework\spring-context\4.2.7.RELEASE\spring-context-4.2.7.RELEASE.jar(org/springframework/validation/Validator.class)]]
[loading ZipFileIndexFileObject[C:\Users\u001312\.m2\repository\javax\validation\validation-api\1.1.0.Final\validation-api-1.1.0.Final.jar(javax/validation/Path.class)]]
[wrote RegularFileObject[C:\Development\repos\petclinicfork\spring-petclinic\target\test-classes\org\springframework\samples\petclinic\model\ValidatorTests.class]]
[checking org.springframework.samples.petclinic.web.VisitControllerTests]
[wrote RegularFileObject[C:\Development\repos\petclinicfork\spring-petclinic\target\test-classes\org\springframework\samples\petclinic\web\VisitControllerTests.class]]
[checking org.springframework.samples.petclinic.service.ClinicServiceSpringDataJpaTests]
[wrote RegularFileObject[C:\Development\repos\petclinicfork\spring-petclinic\target\test-classes\org\springframework\samples\petclinic\service\ClinicServiceSpringDataJpaTests.class]]
[checking org.springframework.samples.petclinic.web.VetControllerTests]
[loading ZipFileIndexFileObject[C:\Users\u001312\.m2\repository\org\springframework\spring-core\4.2.7.RELEASE\spring-core-4.2.7.RELEASE.jar(org/springframework/util/MimeType.class)]]
[loading ZipFileIndexFileObject[C:\Users\u001312\.m2\repository\org\springframework\spring-test\4.2.7.RELEASE\spring-test-4.2.7.RELEASE.jar(org/springframework/test/web/servlet/result/JsonPathResultMatchers.class)]]
[loading ZipFileIndexFileObject[C:\Users\u001312\.m2\repository\org\springframework\spring-test\4.2.7.RELEASE\spring-test-4.2.7.RELEASE.jar(org/springframework/test/web/servlet/result/ContentResultMatchers.class)]]
[loading ZipFileIndexFileObject[C:\Development\apps\Java\jdk1.8.0_25\lib\ct.sym(META-INF/sym/rt.jar/org/w3c/dom/Node.class)]]
[wrote RegularFileObject[C:\Development\repos\petclinicfork\spring-petclinic\target\test-classes\org\springframework\samples\petclinic\web\VetControllerTests.class]]
[checking org.springframework.samples.petclinic.web.PetTypeFormatterTests]
[loading ZipFileIndexFileObject[C:\Users\u001312\.m2\repository\org\springframework\spring-context\4.2.7.RELEASE\spring-context-4.2.7.RELEASE.jar(org/springframework/format/Formatter.class)]]
[loading ZipFileIndexFileObject[C:\Users\u001312\.m2\repository\org\springframework\spring-context\4.2.7.RELEASE\spring-context-4.2.7.RELEASE.jar(org/springframework/format/Printer.class)]]
[loading ZipFileIndexFileObject[C:\Users\u001312\.m2\repository\org\springframework\spring-context\4.2.7.RELEASE\spring-context-4.2.7.RELEASE.jar(org/springframework/format/Parser.class)]]
[loading ZipFileIndexFileObject[C:\Users\u001312\.m2\repository\org\mockito\mockito-core\1.10.19\mockito-core-1.10.19.jar(org/mockito/stubbing/OngoingStubbing.class)]]
[loading ZipFileIndexFileObject[C:\Users\u001312\.m2\repository\org\mockito\mockito-core\1.10.19\mockito-core-1.10.19.jar(org/mockito/internal/progress/IOngoingStubbing.class)]]
[wrote RegularFileObject[C:\Development\repos\petclinicfork\spring-petclinic\target\test-classes\org\springframework\samples\petclinic\web\PetTypeFormatterTests$1.class]]
[wrote RegularFileObject[C:\Development\repos\petclinicfork\spring-petclinic\target\test-classes\org\springframework\samples\petclinic\web\PetTypeFormatterTests$2.class]]
[wrote RegularFileObject[C:\Development\repos\petclinicfork\spring-petclinic\target\test-classes\org\springframework\samples\petclinic\web\PetTypeFormatterTests.class]]
[checking org.springframework.samples.petclinic.web.PetControllerTests]
[loading ZipFileIndexFileObject[C:\Users\u001312\.m2\repository\org\springframework\spring-beans\4.2.7.RELEASE\spring-beans-4.2.7.RELEASE.jar(org/springframework/beans/factory/FactoryBean.class)]]
[loading ZipFileIndexFileObject[C:\Users\u001312\.m2\repository\org\springframework\spring-context\4.2.7.RELEASE\spring-context-4.2.7.RELEASE.jar(org/springframework/context/EmbeddedValueResolverAware.class)]]
[loading ZipFileIndexFileObject[C:\Users\u001312\.m2\repository\org\springframework\spring-context\4.2.7.RELEASE\spring-context-4.2.7.RELEASE.jar(org/springframework/format/support/FormattingConversionService.class)]]
[wrote RegularFileObject[C:\Development\repos\petclinicfork\spring-petclinic\target\test-classes\org\springframework\samples\petclinic\web\PetControllerTests.class]]
[total 308ms]
[WARNING] bootstrap class path not set in conjunction with -source 1.7
[INFO] 
[INFO] --- maven-surefire-plugin:2.13:test (default-test) @ spring-petclinic ---
[INFO] Surefire report directory: C:\Development\repos\petclinicfork\spring-petclinic\target\surefire-reports

-------------------------------------------------------
 T E S T S
-------------------------------------------------------
Running org.springframework.samples.petclinic.model.ValidatorTests
INFO  Version - HV000001: Hibernate Validator 5.2.4.Final
Tests run: 1, Failures: 0, Errors: 0, Skipped: 0, Time elapsed: 0.485 sec
Running org.springframework.samples.petclinic.service.ClinicServiceJdbcTests
INFO  DefaultTestContextBootstrapper - Loaded default TestExecutionListener class names from location [META-INF/spring.factories]: [org.springframework.test.context.web.ServletTestExecutionListener, org.springframework.test.context.support.DirtiesContextBeforeModesTestExecutionListener, org.springframework.test.context.support.DependencyInjectionTestExecutionListener, org.springframework.test.context.support.DirtiesContextTestExecutionListener, org.springframework.test.context.transaction.TransactionalTestExecutionListener, org.springframework.test.context.jdbc.SqlScriptsTestExecutionListener]
INFO  DefaultTestContextBootstrapper - Using TestExecutionListeners: [org.springframework.test.context.web.ServletTestExecutionListener@193f604a, org.springframework.test.context.support.DirtiesContextBeforeModesTestExecutionListener@20f5239f, org.springframework.test.context.support.DependencyInjectionTestExecutionListener@57af006c, org.springframework.test.context.support.DirtiesContextTestExecutionListener@6bedbc4d, org.springframework.test.context.transaction.TransactionalTestExecutionListener@932bc4a, org.springframework.test.context.jdbc.SqlScriptsTestExecutionListener@d29f28]
INFO  XmlBeanDefinitionReader - Loading XML bean definitions from class path resource [spring/business-config.xml]
INFO  XmlBeanDefinitionReader - Loading XML bean definitions from class path resource [spring/datasource-config.xml]
INFO  GenericApplicationContext - Refreshing org.springframework.context.support.GenericApplicationContext@3232a28a: startup date [Fri Sep 22 10:34:04 CEST 2017]; root of context hierarchy
INFO  PropertyPlaceholderConfigurer - Loading properties file from class path resource [spring/data-access.properties]
INFO  PropertyPlaceholderConfigurer - Loading properties file from class path resource [spring/data-access.properties]
INFO  AutowiredAnnotationBeanPostProcessor - JSR-330 'javax.inject.Inject' annotation found and supported for autowiring
INFO  ScriptUtils - Executing SQL script from class path resource [db/hsqldb/initDB.sql]
INFO  ScriptUtils - Executed SQL script from class path resource [db/hsqldb/initDB.sql] in 7 ms.
INFO  ScriptUtils - Executing SQL script from class path resource [db/hsqldb/populateDB.sql]
INFO  ScriptUtils - Executed SQL script from class path resource [db/hsqldb/populateDB.sql] in 8 ms.
INFO  TransactionContext - Began transaction (1) for test context [DefaultTestContext@5f7f2382 testClass = ClinicServiceJdbcTests, testInstance = org.springframework.samples.petclinic.service.ClinicServiceJdbcTests@407cf41, testMethod = shouldAddNewVisitForPet@AbstractClinicServiceTests, testException = [null], mergedContextConfiguration = [MergedContextConfiguration@c260bdc testClass = ClinicServiceJdbcTests, locations = '{classpath:spring/business-config.xml}', classes = '{}', contextInitializerClasses = '[]', activeProfiles = '{jdbc}', propertySourceLocations = '{}', propertySourceProperties = '{}', contextLoader = 'org.springframework.test.context.support.DelegatingSmartContextLoader', parent = [null]]]; transaction manager [org.springframework.jdbc.datasource.DataSourceTransactionManager@6815c5f2]; rollback [true]
INFO  TransactionContext - Rolled back transaction for test context [DefaultTestContext@5f7f2382 testClass = ClinicServiceJdbcTests, testInstance = org.springframework.samples.petclinic.service.ClinicServiceJdbcTests@407cf41, testMethod = shouldAddNewVisitForPet@AbstractClinicServiceTests, testException = [null], mergedContextConfiguration = [MergedContextConfiguration@c260bdc testClass = ClinicServiceJdbcTests, locations = '{classpath:spring/business-config.xml}', classes = '{}', contextInitializerClasses = '[]', activeProfiles = '{jdbc}', propertySourceLocations = '{}', propertySourceProperties = '{}', contextLoader = 'org.springframework.test.context.support.DelegatingSmartContextLoader', parent = [null]]].
INFO  TransactionContext - Began transaction (1) for test context [DefaultTestContext@5f7f2382 testClass = ClinicServiceJdbcTests, testInstance = org.springframework.samples.petclinic.service.ClinicServiceJdbcTests@13006998, testMethod = shouldUpdateOwner@AbstractClinicServiceTests, testException = [null], mergedContextConfiguration = [MergedContextConfiguration@c260bdc testClass = ClinicServiceJdbcTests, locations = '{classpath:spring/business-config.xml}', classes = '{}', contextInitializerClasses = '[]', activeProfiles = '{jdbc}', propertySourceLocations = '{}', propertySourceProperties = '{}', contextLoader = 'org.springframework.test.context.support.DelegatingSmartContextLoader', parent = [null]]]; transaction manager [org.springframework.jdbc.datasource.DataSourceTransactionManager@6815c5f2]; rollback [true]
INFO  TransactionContext - Rolled back transaction for test context [DefaultTestContext@5f7f2382 testClass = ClinicServiceJdbcTests, testInstance = org.springframework.samples.petclinic.service.ClinicServiceJdbcTests@13006998, testMethod = shouldUpdateOwner@AbstractClinicServiceTests, testException = [null], mergedContextConfiguration = [MergedContextConfiguration@c260bdc testClass = ClinicServiceJdbcTests, locations = '{classpath:spring/business-config.xml}', classes = '{}', contextInitializerClasses = '[]', activeProfiles = '{jdbc}', propertySourceLocations = '{}', propertySourceProperties = '{}', contextLoader = 'org.springframework.test.context.support.DelegatingSmartContextLoader', parent = [null]]].
INFO  TransactionContext - Began transaction (1) for test context [DefaultTestContext@5f7f2382 testClass = ClinicServiceJdbcTests, testInstance = org.springframework.samples.petclinic.service.ClinicServiceJdbcTests@b93aad, testMethod = shouldInsertPetIntoDatabaseAndGenerateId@AbstractClinicServiceTests, testException = [null], mergedContextConfiguration = [MergedContextConfiguration@c260bdc testClass = ClinicServiceJdbcTests, locations = '{classpath:spring/business-config.xml}', classes = '{}', contextInitializerClasses = '[]', activeProfiles = '{jdbc}', propertySourceLocations = '{}', propertySourceProperties = '{}', contextLoader = 'org.springframework.test.context.support.DelegatingSmartContextLoader', parent = [null]]]; transaction manager [org.springframework.jdbc.datasource.DataSourceTransactionManager@6815c5f2]; rollback [true]
INFO  TransactionContext - Rolled back transaction for test context [DefaultTestContext@5f7f2382 testClass = ClinicServiceJdbcTests, testInstance = org.springframework.samples.petclinic.service.ClinicServiceJdbcTests@b93aad, testMethod = shouldInsertPetIntoDatabaseAndGenerateId@AbstractClinicServiceTests, testException = [null], mergedContextConfiguration = [MergedContextConfiguration@c260bdc testClass = ClinicServiceJdbcTests, locations = '{classpath:spring/business-config.xml}', classes = '{}', contextInitializerClasses = '[]', activeProfiles = '{jdbc}', propertySourceLocations = '{}', propertySourceProperties = '{}', contextLoader = 'org.springframework.test.context.support.DelegatingSmartContextLoader', parent = [null]]].
INFO  TransactionContext - Began transaction (1) for test context [DefaultTestContext@5f7f2382 testClass = ClinicServiceJdbcTests, testInstance = org.springframework.samples.petclinic.service.ClinicServiceJdbcTests@324c64cd, testMethod = shouldInsertOwner@AbstractClinicServiceTests, testException = [null], mergedContextConfiguration = [MergedContextConfiguration@c260bdc testClass = ClinicServiceJdbcTests, locations = '{classpath:spring/business-config.xml}', classes = '{}', contextInitializerClasses = '[]', activeProfiles = '{jdbc}', propertySourceLocations = '{}', propertySourceProperties = '{}', contextLoader = 'org.springframework.test.context.support.DelegatingSmartContextLoader', parent = [null]]]; transaction manager [org.springframework.jdbc.datasource.DataSourceTransactionManager@6815c5f2]; rollback [true]
INFO  TransactionContext - Rolled back transaction for test context [DefaultTestContext@5f7f2382 testClass = ClinicServiceJdbcTests, testInstance = org.springframework.samples.petclinic.service.ClinicServiceJdbcTests@324c64cd, testMethod = shouldInsertOwner@AbstractClinicServiceTests, testException = [null], mergedContextConfiguration = [MergedContextConfiguration@c260bdc testClass = ClinicServiceJdbcTests, locations = '{classpath:spring/business-config.xml}', classes = '{}', contextInitializerClasses = '[]', activeProfiles = '{jdbc}', propertySourceLocations = '{}', propertySourceProperties = '{}', contextLoader = 'org.springframework.test.context.support.DelegatingSmartContextLoader', parent = [null]]].
INFO  TransactionContext - Began transaction (1) for test context [DefaultTestContext@5f7f2382 testClass = ClinicServiceJdbcTests, testInstance = org.springframework.samples.petclinic.service.ClinicServiceJdbcTests@384fc774, testMethod = shouldUpdatePetName@AbstractClinicServiceTests, testException = [null], mergedContextConfiguration = [MergedContextConfiguration@c260bdc testClass = ClinicServiceJdbcTests, locations = '{classpath:spring/business-config.xml}', classes = '{}', contextInitializerClasses = '[]', activeProfiles = '{jdbc}', propertySourceLocations = '{}', propertySourceProperties = '{}', contextLoader = 'org.springframework.test.context.support.DelegatingSmartContextLoader', parent = [null]]]; transaction manager [org.springframework.jdbc.datasource.DataSourceTransactionManager@6815c5f2]; rollback [true]
INFO  TransactionContext - Rolled back transaction for test context [DefaultTestContext@5f7f2382 testClass = ClinicServiceJdbcTests, testInstance = org.springframework.samples.petclinic.service.ClinicServiceJdbcTests@384fc774, testMethod = shouldUpdatePetName@AbstractClinicServiceTests, testException = [null], mergedContextConfiguration = [MergedContextConfiguration@c260bdc testClass = ClinicServiceJdbcTests, locations = '{classpath:spring/business-config.xml}', classes = '{}', contextInitializerClasses = '[]', activeProfiles = '{jdbc}', propertySourceLocations = '{}', propertySourceProperties = '{}', contextLoader = 'org.springframework.test.context.support.DelegatingSmartContextLoader', parent = [null]]].
Tests run: 11, Failures: 0, Errors: 0, Skipped: 0, Time elapsed: 641.271 sec
Running org.springframework.samples.petclinic.service.ClinicServiceJpaTests
INFO  DefaultTestContextBootstrapper - Loaded default TestExecutionListener class names from location [META-INF/spring.factories]: [org.springframework.test.context.web.ServletTestExecutionListener, org.springframework.test.context.support.DirtiesContextBeforeModesTestExecutionListener, org.springframework.test.context.support.DependencyInjectionTestExecutionListener, org.springframework.test.context.support.DirtiesContextTestExecutionListener, org.springframework.test.context.transaction.TransactionalTestExecutionListener, org.springframework.test.context.jdbc.SqlScriptsTestExecutionListener]
INFO  DefaultTestContextBootstrapper - Using TestExecutionListeners: [org.springframework.test.context.web.ServletTestExecutionListener@63fd4873, org.springframework.test.context.support.DirtiesContextBeforeModesTestExecutionListener@1e11bc55, org.springframework.test.context.support.DependencyInjectionTestExecutionListener@7544a1e4, org.springframework.test.context.support.DirtiesContextTestExecutionListener@70e0accd, org.springframework.test.context.transaction.TransactionalTestExecutionListener@7957dc72, org.springframework.test.context.jdbc.SqlScriptsTestExecutionListener@6ab72419]
INFO  XmlBeanDefinitionReader - Loading XML bean definitions from class path resource [spring/business-config.xml]
INFO  XmlBeanDefinitionReader - Loading XML bean definitions from class path resource [spring/datasource-config.xml]
INFO  GenericApplicationContext - Refreshing org.springframework.context.support.GenericApplicationContext@3aacf32a: startup date [Fri Sep 22 10:44:45 CEST 2017]; root of context hierarchy
INFO  PropertyPlaceholderConfigurer - Loading properties file from class path resource [spring/data-access.properties]
INFO  PropertyPlaceholderConfigurer - Loading properties file from class path resource [spring/data-access.properties]
INFO  AutowiredAnnotationBeanPostProcessor - JSR-330 'javax.inject.Inject' annotation found and supported for autowiring
INFO  LocalContainerEntityManagerFactoryBean - Building JPA container EntityManagerFactory for persistence unit 'petclinic'
INFO  LogHelper - HHH000204: Processing PersistenceUnitInfo [
	name: petclinic
	...]
INFO  Version - HHH000412: Hibernate Core {4.3.11.Final}
INFO  Environment - HHH000206: hibernate.properties not found
INFO  Environment - HHH000021: Bytecode provider name : javassist
INFO  Version - HCANN000001: Hibernate Commons Annotations {4.0.5.Final}
INFO  Dialect - HHH000400: Using dialect: org.hibernate.dialect.HSQLDialect
INFO  ASTQueryTranslatorFactory - HHH000397: Using ASTQueryTranslatorFactory
INFO  ScriptUtils - Executing SQL script from class path resource [db/hsqldb/initDB.sql]
INFO  ScriptUtils - Executed SQL script from class path resource [db/hsqldb/initDB.sql] in 5 ms.
INFO  ScriptUtils - Executing SQL script from class path resource [db/hsqldb/populateDB.sql]
INFO  ScriptUtils - Executed SQL script from class path resource [db/hsqldb/populateDB.sql] in 6 ms.
Hibernate: select distinct vet0_.id as id1_5_0_, specialty2_.id as id1_2_1_, vet0_.first_name as first_na2_5_0_, vet0_.last_name as last_nam3_5_0_, specialty2_.name as name2_2_1_, specialtie1_.vet_id as vet_id1_5_0__, specialtie1_.specialty_id as specialt2_4_0__ from vets vet0_ left outer join vet_specialties specialtie1_ on vet0_.id=specialtie1_.vet_id left outer join specialties specialty2_ on specialtie1_.specialty_id=specialty2_.id order by vet0_.last_name, vet0_.first_name
Hibernate: select distinct owner0_.id as id1_0_0_, pets1_.id as id1_1_1_, owner0_.first_name as first_na2_0_0_, owner0_.last_name as last_nam3_0_0_, owner0_.address as address4_0_0_, owner0_.city as city5_0_0_, owner0_.telephone as telephon6_0_0_, pets1_.name as name2_1_1_, pets1_.birth_date as birth_da3_1_1_, pets1_.owner_id as owner_id4_1_1_, pets1_.type_id as type_id5_1_1_, pets1_.owner_id as owner_id4_0_0__, pets1_.id as id1_1_0__ from owners owner0_ left outer join pets pets1_ on owner0_.id=pets1_.owner_id where owner0_.last_name like ?
Hibernate: select pettype0_.id as id1_3_0_, pettype0_.name as name2_3_0_ from types pettype0_ where pettype0_.id=?
Hibernate: select pettype0_.id as id1_3_0_, pettype0_.name as name2_3_0_ from types pettype0_ where pettype0_.id=?
Hibernate: select visits0_.pet_id as pet_id4_1_0_, visits0_.id as id1_6_0_, visits0_.id as id1_6_1_, visits0_.visit_date as visit_da2_6_1_, visits0_.description as descript3_6_1_, visits0_.pet_id as pet_id4_6_1_ from visits visits0_ where visits0_.pet_id=?
Hibernate: select visits0_.pet_id as pet_id4_1_0_, visits0_.id as id1_6_0_, visits0_.id as id1_6_1_, visits0_.visit_date as visit_da2_6_1_, visits0_.description as descript3_6_1_, visits0_.pet_id as pet_id4_6_1_ from visits visits0_ where visits0_.pet_id=?
Hibernate: select distinct owner0_.id as id1_0_0_, pets1_.id as id1_1_1_, owner0_.first_name as first_na2_0_0_, owner0_.last_name as last_nam3_0_0_, owner0_.address as address4_0_0_, owner0_.city as city5_0_0_, owner0_.telephone as telephon6_0_0_, pets1_.name as name2_1_1_, pets1_.birth_date as birth_da3_1_1_, pets1_.owner_id as owner_id4_1_1_, pets1_.type_id as type_id5_1_1_, pets1_.owner_id as owner_id4_0_0__, pets1_.id as id1_1_0__ from owners owner0_ left outer join pets pets1_ on owner0_.id=pets1_.owner_id where owner0_.last_name like ?
INFO  TransactionContext - Began transaction (1) for test context [DefaultTestContext@6bee793f testClass = ClinicServiceJpaTests, testInstance = org.springframework.samples.petclinic.service.ClinicServiceJpaTests@655f69da, testMethod = shouldAddNewVisitForPet@AbstractClinicServiceTests, testException = [null], mergedContextConfiguration = [MergedContextConfiguration@5a50d9fc testClass = ClinicServiceJpaTests, locations = '{classpath:spring/business-config.xml}', classes = '{}', contextInitializerClasses = '[]', activeProfiles = '{jpa}', propertySourceLocations = '{}', propertySourceProperties = '{}', contextLoader = 'org.springframework.test.context.support.DelegatingSmartContextLoader', parent = [null]]]; transaction manager [org.springframework.orm.jpa.JpaTransactionManager@43b5021c]; rollback [true]
Hibernate: select pet0_.id as id1_1_0_, pet0_.name as name2_1_0_, pet0_.birth_date as birth_da3_1_0_, pet0_.owner_id as owner_id4_1_0_, pet0_.type_id as type_id5_1_0_, owner1_.id as id1_0_1_, owner1_.first_name as first_na2_0_1_, owner1_.last_name as last_nam3_0_1_, owner1_.address as address4_0_1_, owner1_.city as city5_0_1_, owner1_.telephone as telephon6_0_1_, pettype2_.id as id1_3_2_, pettype2_.name as name2_3_2_, visits3_.pet_id as pet_id4_1_3_, visits3_.id as id1_6_3_, visits3_.id as id1_6_4_, visits3_.visit_date as visit_da2_6_4_, visits3_.description as descript3_6_4_, visits3_.pet_id as pet_id4_6_4_ from pets pet0_ left outer join owners owner1_ on pet0_.owner_id=owner1_.id left outer join types pettype2_ on pet0_.type_id=pettype2_.id left outer join visits visits3_ on pet0_.id=visits3_.pet_id where pet0_.id=?
Hibernate: insert into visits (id, visit_date, description, pet_id) values (default, ?, ?, ?)
INFO  TransactionContext - Rolled back transaction for test context [DefaultTestContext@6bee793f testClass = ClinicServiceJpaTests, testInstance = org.springframework.samples.petclinic.service.ClinicServiceJpaTests@655f69da, testMethod = shouldAddNewVisitForPet@AbstractClinicServiceTests, testException = [null], mergedContextConfiguration = [MergedContextConfiguration@5a50d9fc testClass = ClinicServiceJpaTests, locations = '{classpath:spring/business-config.xml}', classes = '{}', contextInitializerClasses = '[]', activeProfiles = '{jpa}', propertySourceLocations = '{}', propertySourceProperties = '{}', contextLoader = 'org.springframework.test.context.support.DelegatingSmartContextLoader', parent = [null]]].
INFO  TransactionContext - Began transaction (1) for test context [DefaultTestContext@6bee793f testClass = ClinicServiceJpaTests, testInstance = org.springframework.samples.petclinic.service.ClinicServiceJpaTests@26b5270f, testMethod = shouldUpdateOwner@AbstractClinicServiceTests, testException = [null], mergedContextConfiguration = [MergedContextConfiguration@5a50d9fc testClass = ClinicServiceJpaTests, locations = '{classpath:spring/business-config.xml}', classes = '{}', contextInitializerClasses = '[]', activeProfiles = '{jpa}', propertySourceLocations = '{}', propertySourceProperties = '{}', contextLoader = 'org.springframework.test.context.support.DelegatingSmartContextLoader', parent = [null]]]; transaction manager [org.springframework.orm.jpa.JpaTransactionManager@43b5021c]; rollback [true]
Hibernate: select owner0_.id as id1_0_0_, pets1_.id as id1_1_1_, owner0_.first_name as first_na2_0_0_, owner0_.last_name as last_nam3_0_0_, owner0_.address as address4_0_0_, owner0_.city as city5_0_0_, owner0_.telephone as telephon6_0_0_, pets1_.name as name2_1_1_, pets1_.birth_date as birth_da3_1_1_, pets1_.owner_id as owner_id4_1_1_, pets1_.type_id as type_id5_1_1_, pets1_.owner_id as owner_id4_0_0__, pets1_.id as id1_1_0__ from owners owner0_ left outer join pets pets1_ on owner0_.id=pets1_.owner_id where owner0_.id=?
Hibernate: select pettype0_.id as id1_3_0_, pettype0_.name as name2_3_0_ from types pettype0_ where pettype0_.id=?
Hibernate: select visits0_.pet_id as pet_id4_1_0_, visits0_.id as id1_6_0_, visits0_.id as id1_6_1_, visits0_.visit_date as visit_da2_6_1_, visits0_.description as descript3_6_1_, visits0_.pet_id as pet_id4_6_1_ from visits visits0_ where visits0_.pet_id=?
Hibernate: update owners set first_name=?, last_name=?, address=?, city=?, telephone=? where id=?
Hibernate: select owner0_.id as id1_0_0_, pets1_.id as id1_1_1_, owner0_.first_name as first_na2_0_0_, owner0_.last_name as last_nam3_0_0_, owner0_.address as address4_0_0_, owner0_.city as city5_0_0_, owner0_.telephone as telephon6_0_0_, pets1_.name as name2_1_1_, pets1_.birth_date as birth_da3_1_1_, pets1_.owner_id as owner_id4_1_1_, pets1_.type_id as type_id5_1_1_, pets1_.owner_id as owner_id4_0_0__, pets1_.id as id1_1_0__ from owners owner0_ left outer join pets pets1_ on owner0_.id=pets1_.owner_id where owner0_.id=?
INFO  TransactionContext - Rolled back transaction for test context [DefaultTestContext@6bee793f testClass = ClinicServiceJpaTests, testInstance = org.springframework.samples.petclinic.service.ClinicServiceJpaTests@26b5270f, testMethod = shouldUpdateOwner@AbstractClinicServiceTests, testException = [null], mergedContextConfiguration = [MergedContextConfiguration@5a50d9fc testClass = ClinicServiceJpaTests, locations = '{classpath:spring/business-config.xml}', classes = '{}', contextInitializerClasses = '[]', activeProfiles = '{jpa}', propertySourceLocations = '{}', propertySourceProperties = '{}', contextLoader = 'org.springframework.test.context.support.DelegatingSmartContextLoader', parent = [null]]].
Hibernate: select visit0_.id as id1_6_, visit0_.visit_date as visit_da2_6_, visit0_.description as descript3_6_, visit0_.pet_id as pet_id4_6_ from visits visit0_ where visit0_.pet_id=?
Hibernate: select pet0_.id as id1_1_0_, pet0_.name as name2_1_0_, pet0_.birth_date as birth_da3_1_0_, pet0_.owner_id as owner_id4_1_0_, pet0_.type_id as type_id5_1_0_, owner1_.id as id1_0_1_, owner1_.first_name as first_na2_0_1_, owner1_.last_name as last_nam3_0_1_, owner1_.address as address4_0_1_, owner1_.city as city5_0_1_, owner1_.telephone as telephon6_0_1_, pettype2_.id as id1_3_2_, pettype2_.name as name2_3_2_, visits3_.pet_id as pet_id4_1_3_, visits3_.id as id1_6_3_, visits3_.id as id1_6_4_, visits3_.visit_date as visit_da2_6_4_, visits3_.description as descript3_6_4_, visits3_.pet_id as pet_id4_6_4_ from pets pet0_ left outer join owners owner1_ on pet0_.owner_id=owner1_.id left outer join types pettype2_ on pet0_.type_id=pettype2_.id left outer join visits visits3_ on pet0_.id=visits3_.pet_id where pet0_.id=?
INFO  TransactionContext - Began transaction (1) for test context [DefaultTestContext@6bee793f testClass = ClinicServiceJpaTests, testInstance = org.springframework.samples.petclinic.service.ClinicServiceJpaTests@23c09fc5, testMethod = shouldInsertPetIntoDatabaseAndGenerateId@AbstractClinicServiceTests, testException = [null], mergedContextConfiguration = [MergedContextConfiguration@5a50d9fc testClass = ClinicServiceJpaTests, locations = '{classpath:spring/business-config.xml}', classes = '{}', contextInitializerClasses = '[]', activeProfiles = '{jpa}', propertySourceLocations = '{}', propertySourceProperties = '{}', contextLoader = 'org.springframework.test.context.support.DelegatingSmartContextLoader', parent = [null]]]; transaction manager [org.springframework.orm.jpa.JpaTransactionManager@43b5021c]; rollback [true]
Hibernate: select owner0_.id as id1_0_0_, pets1_.id as id1_1_1_, owner0_.first_name as first_na2_0_0_, owner0_.last_name as last_nam3_0_0_, owner0_.address as address4_0_0_, owner0_.city as city5_0_0_, owner0_.telephone as telephon6_0_0_, pets1_.name as name2_1_1_, pets1_.birth_date as birth_da3_1_1_, pets1_.owner_id as owner_id4_1_1_, pets1_.type_id as type_id5_1_1_, pets1_.owner_id as owner_id4_0_0__, pets1_.id as id1_1_0__ from owners owner0_ left outer join pets pets1_ on owner0_.id=pets1_.owner_id where owner0_.id=?
Hibernate: select pettype0_.id as id1_3_0_, pettype0_.name as name2_3_0_ from types pettype0_ where pettype0_.id=?
Hibernate: select visits0_.pet_id as pet_id4_1_0_, visits0_.id as id1_6_0_, visits0_.id as id1_6_1_, visits0_.visit_date as visit_da2_6_1_, visits0_.description as descript3_6_1_, visits0_.pet_id as pet_id4_6_1_ from visits visits0_ where visits0_.pet_id=?
Hibernate: select visits0_.pet_id as pet_id4_1_0_, visits0_.id as id1_6_0_, visits0_.id as id1_6_1_, visits0_.visit_date as visit_da2_6_1_, visits0_.description as descript3_6_1_, visits0_.pet_id as pet_id4_6_1_ from visits visits0_ where visits0_.pet_id=?
Hibernate: select pettype0_.id as id1_3_, pettype0_.name as name2_3_ from types pettype0_ order by pettype0_.name
Hibernate: insert into pets (id, name, birth_date, owner_id, type_id) values (default, ?, ?, ?, ?)
Hibernate: select owner0_.id as id1_0_0_, pets1_.id as id1_1_1_, owner0_.first_name as first_na2_0_0_, owner0_.last_name as last_nam3_0_0_, owner0_.address as address4_0_0_, owner0_.city as city5_0_0_, owner0_.telephone as telephon6_0_0_, pets1_.name as name2_1_1_, pets1_.birth_date as birth_da3_1_1_, pets1_.owner_id as owner_id4_1_1_, pets1_.type_id as type_id5_1_1_, pets1_.owner_id as owner_id4_0_0__, pets1_.id as id1_1_0__ from owners owner0_ left outer join pets pets1_ on owner0_.id=pets1_.owner_id where owner0_.id=?
INFO  TransactionContext - Rolled back transaction for test context [DefaultTestContext@6bee793f testClass = ClinicServiceJpaTests, testInstance = org.springframework.samples.petclinic.service.ClinicServiceJpaTests@23c09fc5, testMethod = shouldInsertPetIntoDatabaseAndGenerateId@AbstractClinicServiceTests, testException = [null], mergedContextConfiguration = [MergedContextConfiguration@5a50d9fc testClass = ClinicServiceJpaTests, locations = '{classpath:spring/business-config.xml}', classes = '{}', contextInitializerClasses = '[]', activeProfiles = '{jpa}', propertySourceLocations = '{}', propertySourceProperties = '{}', contextLoader = 'org.springframework.test.context.support.DelegatingSmartContextLoader', parent = [null]]].
INFO  TransactionContext - Began transaction (1) for test context [DefaultTestContext@6bee793f testClass = ClinicServiceJpaTests, testInstance = org.springframework.samples.petclinic.service.ClinicServiceJpaTests@4261f31c, testMethod = shouldInsertOwner@AbstractClinicServiceTests, testException = [null], mergedContextConfiguration = [MergedContextConfiguration@5a50d9fc testClass = ClinicServiceJpaTests, locations = '{classpath:spring/business-config.xml}', classes = '{}', contextInitializerClasses = '[]', activeProfiles = '{jpa}', propertySourceLocations = '{}', propertySourceProperties = '{}', contextLoader = 'org.springframework.test.context.support.DelegatingSmartContextLoader', parent = [null]]]; transaction manager [org.springframework.orm.jpa.JpaTransactionManager@43b5021c]; rollback [true]
Hibernate: select distinct owner0_.id as id1_0_0_, pets1_.id as id1_1_1_, owner0_.first_name as first_na2_0_0_, owner0_.last_name as last_nam3_0_0_, owner0_.address as address4_0_0_, owner0_.city as city5_0_0_, owner0_.telephone as telephon6_0_0_, pets1_.name as name2_1_1_, pets1_.birth_date as birth_da3_1_1_, pets1_.owner_id as owner_id4_1_1_, pets1_.type_id as type_id5_1_1_, pets1_.owner_id as owner_id4_0_0__, pets1_.id as id1_1_0__ from owners owner0_ left outer join pets pets1_ on owner0_.id=pets1_.owner_id where owner0_.last_name like ?
Hibernate: insert into owners (id, first_name, last_name, address, city, telephone) values (default, ?, ?, ?, ?, ?)
Hibernate: select distinct owner0_.id as id1_0_0_, pets1_.id as id1_1_1_, owner0_.first_name as first_na2_0_0_, owner0_.last_name as last_nam3_0_0_, owner0_.address as address4_0_0_, owner0_.city as city5_0_0_, owner0_.telephone as telephon6_0_0_, pets1_.name as name2_1_1_, pets1_.birth_date as birth_da3_1_1_, pets1_.owner_id as owner_id4_1_1_, pets1_.type_id as type_id5_1_1_, pets1_.owner_id as owner_id4_0_0__, pets1_.id as id1_1_0__ from owners owner0_ left outer join pets pets1_ on owner0_.id=pets1_.owner_id where owner0_.last_name like ?
INFO  TransactionContext - Rolled back transaction for test context [DefaultTestContext@6bee793f testClass = ClinicServiceJpaTests, testInstance = org.springframework.samples.petclinic.service.ClinicServiceJpaTests@4261f31c, testMethod = shouldInsertOwner@AbstractClinicServiceTests, testException = [null], mergedContextConfiguration = [MergedContextConfiguration@5a50d9fc testClass = ClinicServiceJpaTests, locations = '{classpath:spring/business-config.xml}', classes = '{}', contextInitializerClasses = '[]', activeProfiles = '{jpa}', propertySourceLocations = '{}', propertySourceProperties = '{}', contextLoader = 'org.springframework.test.context.support.DelegatingSmartContextLoader', parent = [null]]].
Hibernate: select owner0_.id as id1_0_0_, pets1_.id as id1_1_1_, owner0_.first_name as first_na2_0_0_, owner0_.last_name as last_nam3_0_0_, owner0_.address as address4_0_0_, owner0_.city as city5_0_0_, owner0_.telephone as telephon6_0_0_, pets1_.name as name2_1_1_, pets1_.birth_date as birth_da3_1_1_, pets1_.owner_id as owner_id4_1_1_, pets1_.type_id as type_id5_1_1_, pets1_.owner_id as owner_id4_0_0__, pets1_.id as id1_1_0__ from owners owner0_ left outer join pets pets1_ on owner0_.id=pets1_.owner_id where owner0_.id=?
Hibernate: select pettype0_.id as id1_3_0_, pettype0_.name as name2_3_0_ from types pettype0_ where pettype0_.id=?
Hibernate: select visits0_.pet_id as pet_id4_1_0_, visits0_.id as id1_6_0_, visits0_.id as id1_6_1_, visits0_.visit_date as visit_da2_6_1_, visits0_.description as descript3_6_1_, visits0_.pet_id as pet_id4_6_1_ from visits visits0_ where visits0_.pet_id=?
INFO  TransactionContext - Began transaction (1) for test context [DefaultTestContext@6bee793f testClass = ClinicServiceJpaTests, testInstance = org.springframework.samples.petclinic.service.ClinicServiceJpaTests@71a4501e, testMethod = shouldUpdatePetName@AbstractClinicServiceTests, testException = [null], mergedContextConfiguration = [MergedContextConfiguration@5a50d9fc testClass = ClinicServiceJpaTests, locations = '{classpath:spring/business-config.xml}', classes = '{}', contextInitializerClasses = '[]', activeProfiles = '{jpa}', propertySourceLocations = '{}', propertySourceProperties = '{}', contextLoader = 'org.springframework.test.context.support.DelegatingSmartContextLoader', parent = [null]]]; transaction manager [org.springframework.orm.jpa.JpaTransactionManager@43b5021c]; rollback [true]
Hibernate: select pet0_.id as id1_1_0_, pet0_.name as name2_1_0_, pet0_.birth_date as birth_da3_1_0_, pet0_.owner_id as owner_id4_1_0_, pet0_.type_id as type_id5_1_0_, owner1_.id as id1_0_1_, owner1_.first_name as first_na2_0_1_, owner1_.last_name as last_nam3_0_1_, owner1_.address as address4_0_1_, owner1_.city as city5_0_1_, owner1_.telephone as telephon6_0_1_, pettype2_.id as id1_3_2_, pettype2_.name as name2_3_2_, visits3_.pet_id as pet_id4_1_3_, visits3_.id as id1_6_3_, visits3_.id as id1_6_4_, visits3_.visit_date as visit_da2_6_4_, visits3_.description as descript3_6_4_, visits3_.pet_id as pet_id4_6_4_ from pets pet0_ left outer join owners owner1_ on pet0_.owner_id=owner1_.id left outer join types pettype2_ on pet0_.type_id=pettype2_.id left outer join visits visits3_ on pet0_.id=visits3_.pet_id where pet0_.id=?
INFO  TransactionContext - Rolled back transaction for test context [DefaultTestContext@6bee793f testClass = ClinicServiceJpaTests, testInstance = org.springframework.samples.petclinic.service.ClinicServiceJpaTests@71a4501e, testMethod = shouldUpdatePetName@AbstractClinicServiceTests, testException = [null], mergedContextConfiguration = [MergedContextConfiguration@5a50d9fc testClass = ClinicServiceJpaTests, locations = '{classpath:spring/business-config.xml}', classes = '{}', contextInitializerClasses = '[]', activeProfiles = '{jpa}', propertySourceLocations = '{}', propertySourceProperties = '{}', contextLoader = 'org.springframework.test.context.support.DelegatingSmartContextLoader', parent = [null]]].
Hibernate: select pettype0_.id as id1_3_, pettype0_.name as name2_3_ from types pettype0_ order by pettype0_.name
Hibernate: select pet0_.id as id1_1_0_, pet0_.name as name2_1_0_, pet0_.birth_date as birth_da3_1_0_, pet0_.owner_id as owner_id4_1_0_, pet0_.type_id as type_id5_1_0_, owner1_.id as id1_0_1_, owner1_.first_name as first_na2_0_1_, owner1_.last_name as last_nam3_0_1_, owner1_.address as address4_0_1_, owner1_.city as city5_0_1_, owner1_.telephone as telephon6_0_1_, pettype2_.id as id1_3_2_, pettype2_.name as name2_3_2_, visits3_.pet_id as pet_id4_1_3_, visits3_.id as id1_6_3_, visits3_.id as id1_6_4_, visits3_.visit_date as visit_da2_6_4_, visits3_.description as descript3_6_4_, visits3_.pet_id as pet_id4_6_4_ from pets pet0_ left outer join owners owner1_ on pet0_.owner_id=owner1_.id left outer join types pettype2_ on pet0_.type_id=pettype2_.id left outer join visits visits3_ on pet0_.id=visits3_.pet_id where pet0_.id=?
Tests run: 11, Failures: 0, Errors: 0, Skipped: 0, Time elapsed: 142.848 sec
Running org.springframework.samples.petclinic.service.ClinicServiceSpringDataJpaTests
INFO  DefaultTestContextBootstrapper - Loaded default TestExecutionListener class names from location [META-INF/spring.factories]: [org.springframework.test.context.web.ServletTestExecutionListener, org.springframework.test.context.support.DirtiesContextBeforeModesTestExecutionListener, org.springframework.test.context.support.DependencyInjectionTestExecutionListener, org.springframework.test.context.support.DirtiesContextTestExecutionListener, org.springframework.test.context.transaction.TransactionalTestExecutionListener, org.springframework.test.context.jdbc.SqlScriptsTestExecutionListener]
INFO  DefaultTestContextBootstrapper - Using TestExecutionListeners: [org.springframework.test.context.web.ServletTestExecutionListener@59332459, org.springframework.test.context.support.DirtiesContextBeforeModesTestExecutionListener@585b3529, org.springframework.test.context.support.DependencyInjectionTestExecutionListener@73b57c5d, org.springframework.test.context.support.DirtiesContextTestExecutionListener@633ef512, org.springframework.test.context.transaction.TransactionalTestExecutionListener@23ef04c0, org.springframework.test.context.jdbc.SqlScriptsTestExecutionListener@221c9fe9]
INFO  XmlBeanDefinitionReader - Loading XML bean definitions from class path resource [spring/business-config.xml]
INFO  XmlBeanDefinitionReader - Loading XML bean definitions from class path resource [spring/datasource-config.xml]
JProfiler> Protocol version 55
JProfiler> Using JVMTI
JProfiler> JVMTI version 1.1 detected.
JProfiler> 64-bit library
JProfiler> Listening on port: 55676.
